#
# There is insufficient memory for the Java Runtime Environment to continue.
# Native memory allocation (malloc) failed to allocate 523616 bytes for Chunk::new
# Possible reasons:
#   The system is out of physical RAM or swap space
#   In 32 bit mode, the process size limit was hit
# Possible solutions:
#   Reduce memory load on the system
#   Increase physical memory or swap space
#   Check if swap backing store is full
#   Use 64 bit Java on a 64 bit OS
#   Decrease Java heap size (-Xmx/-Xms)
#   Decrease number of Java threads
#   Decrease Java thread stack sizes (-Xss)
#   Set larger code cache with -XX:ReservedCodeCacheSize=
# This output file may be truncated or incomplete.
#
#  Out of Memory Error (allocation.cpp:390), pid=8772, tid=12804
#
# JRE version: Java(TM) SE Runtime Environment (8.0_74-b02) (build 1.8.0_74-b02)
# Java VM: Java HotSpot(TM) 64-Bit Server VM (25.74-b02 mixed mode windows-amd64 compressed oops)
# Failed to write core dump. Minidumps are not enabled by default on client versions of Windows
#

---------------  T H R E A D  ---------------

Current thread (0x0000000014963000):  JavaThread "C2 CompilerThread1" daemon [_thread_in_native, id=12804, stack(0x00000000160b0000,0x00000000161b0000)]

Stack: [0x00000000160b0000,0x00000000161b0000]
[error occurred during error reporting (printing stack bounds), id 0xc0000005]

Native frames: (J=compiled Java code, j=interpreted, Vv=VM code, C=native code)


Current CompileTask:
C2:   5375 1188   !   4       com.android.dx.cf.code.BytecodeArray::parseInstruction (2764 bytes)


---------------  P R O C E S S  ---------------

Java Threads: ( => current thread )
  0x0000000016527800 JavaThread "pool-2-thread-4" [_thread_blocked, id=1824, stack(0x0000000016cb0000,0x0000000016db0000)]
  0x0000000016526000 JavaThread "pool-2-thread-3" [_thread_blocked, id=5936, stack(0x0000000016bb0000,0x0000000016cb0000)]
  0x0000000016525000 JavaThread "pool-2-thread-2" [_thread_blocked, id=9612, stack(0x0000000016ab0000,0x0000000016bb0000)]
  0x000000001650c000 JavaThread "pool-3-thread-1" [_thread_blocked, id=11700, stack(0x00000000169b0000,0x0000000016ab0000)]
  0x0000000016506000 JavaThread "pool-2-thread-1" [_thread_in_Java, id=10832, stack(0x00000000168b0000,0x00000000169b0000)]
  0x00000000149be000 JavaThread "Service Thread" daemon [_thread_blocked, id=3444, stack(0x00000000166b0000,0x00000000167b0000)]
  0x00000000149bb800 JavaThread "C1 CompilerThread2" daemon [_thread_in_native, id=872, stack(0x00000000161b0000,0x00000000162b0000)]
=>0x0000000014963000 JavaThread "C2 CompilerThread1" daemon [_thread_in_native, id=12804, stack(0x00000000160b0000,0x00000000161b0000)]
  0x000000001495f800 JavaThread "C2 CompilerThread0" daemon [_thread_in_native, id=10748, stack(0x0000000015fb0000,0x00000000160b0000)]
  0x000000001495d800 JavaThread "Attach Listener" daemon [_thread_blocked, id=684, stack(0x0000000015eb0000,0x0000000015fb0000)]
  0x000000000228e800 JavaThread "Signal Dispatcher" daemon [_thread_blocked, id=1164, stack(0x0000000015db0000,0x0000000015eb0000)]
  0x000000001494a000 JavaThread "Finalizer" daemon [_thread_blocked, id=804, stack(0x0000000015bc0000,0x0000000015cc0000)]
  0x0000000002280000 JavaThread "Reference Handler" daemon [_thread_blocked, id=9212, stack(0x0000000015ac0000,0x0000000015bc0000)]
  0x0000000001f8d800 JavaThread "main" [_thread_in_Java, id=6096, stack(0x0000000001f90000,0x0000000002090000)]

Other Threads:
  0x0000000014927800 VMThread [stack: 0x00000000159c0000,0x0000000015ac0000] [id=2240]
  0x00000000162ba000 WatcherThread [stack: 0x00000000167b0000,0x00000000168b0000] [id=6368]

VM state:not at safepoint (normal execution)

VM Mutex/Monitor currently owned by a thread:  ([mutex/lock_event])
[0x0000000001f8c150] CodeCache_lock - owner thread: 0x0000000000000000

Heap:
 PSYoungGen      total 38400K, used 33280K [0x00000000eab00000, 0x00000000ed580000, 0x0000000100000000)
  eden space 33280K, 100% used [0x00000000eab00000,0x00000000ecb80000,0x00000000ecb80000)
  from space 5120K, 0% used [0x00000000ed080000,0x00000000ed080000,0x00000000ed580000)
  to   space 5120K, 0% used [0x00000000ecb80000,0x00000000ecb80000,0x00000000ed080000)
 ParOldGen       total 87552K, used 0K [0x00000000c0000000, 0x00000000c5580000, 0x00000000eab00000)
  object space 87552K, 0% used [0x00000000c0000000,0x00000000c0000000,0x00000000c5580000)
 Metaspace       used 6039K, capacity 6960K, committed 7040K, reserved 1056768K
  class space    used 601K, capacity 616K, committed 640K, reserved 1048576K

Card table byte_map: [0x0000000011650000,0x0000000011860000] byte_map_base: 0x0000000011050000

Marking Bits: (ParMarkBitMap*) 0x000000005bcc0600
 Begin Bits: [0x0000000011dc0000, 0x0000000012dc0000)
 End Bits:   [0x0000000012dc0000, 0x0000000013dc0000)

Polling page: 0x0000000000520000

CodeCache: size=245760Kb used=5127Kb max_used=5127Kb free=240632Kb
 bounds [0x0000000002290000, 0x00000000027a0000, 0x0000000011290000]
 total_blobs=1539 nmethods=1270 adapters=182
 compilation: enabled

Compilation events (10 events):
Event: 5.368 Thread 0x00000000149bb800 nmethod 1285 0x000000000278e650 code [0x000000000278e7e0, 0x000000000278eb98]
Event: 5.368 Thread 0x00000000149bb800 1286   !   3       com.android.dx.cf.attrib.AttCode::<init> (144 bytes)
Event: 5.370 Thread 0x00000000149bb800 nmethod 1286 0x000000000278ed10 code [0x000000000278ef40, 0x000000000278f9e8]
Event: 5.370 Thread 0x00000000149bb800 1287       3       com.android.dx.cf.attrib.AttCode::byteLength (29 bytes)
Event: 5.371 Thread 0x00000000149bb800 nmethod 1287 0x0000000002790050 code [0x0000000002790220, 0x0000000002790c98]
Event: 5.371 Thread 0x00000000149bb800 1288       3       com.android.dx.rop.code.AccessFlags::isNative (14 bytes)
Event: 5.372 Thread 0x00000000149bb800 nmethod 1288 0x0000000002791110 code [0x0000000002791260, 0x00000000027913f0]
Event: 5.372 Thread 0x00000000149bb800 1289       3       com.android.dx.rop.code.AccessFlags::isAbstract (14 bytes)
Event: 5.372 Thread 0x00000000149bb800 nmethod 1289 0x0000000002791490 code [0x00000000027915e0, 0x0000000002791770]
Event: 5.372 Thread 0x00000000149bb800 1290       3       com.android.dx.rop.code.AccessFlags::isSynchronized (13 bytes)

GC Heap History (0 events):
No events

Deoptimization events (10 events):
Event: 3.020 Thread 0x0000000016506000 Uncommon trap: reason=class_check action=maybe_recompile pc=0x00000000024f3230 method=com.android.dx.ssa.NormalSsaInsn.accept(Lcom/android/dx/ssa/SsaInsn$Visitor;)V @ 9
Event: 3.057 Thread 0x0000000016506000 Uncommon trap: reason=class_check action=maybe_recompile pc=0x00000000024f3230 method=com.android.dx.ssa.NormalSsaInsn.accept(Lcom/android/dx/ssa/SsaInsn$Visitor;)V @ 9
Event: 3.363 Thread 0x0000000016525000 Uncommon trap: reason=unstable_if action=reinterpret pc=0x00000000024e7eb0 method=java.util.BitSet.nextSetBit(I)I @ 87
Event: 3.365 Thread 0x0000000016525000 Uncommon trap: reason=unstable_if action=reinterpret pc=0x00000000025b5c84 method=java.util.HashMap.getNode(ILjava/lang/Object;)Ljava/util/HashMap$Node; @ 129
Event: 3.871 Thread 0x0000000016506000 Uncommon trap: reason=unstable_if action=reinterpret pc=0x00000000024f3674 method=java.util.BitSet.ensureCapacity(I)V @ 6
Event: 4.367 Thread 0x0000000001f8d800 Uncommon trap: reason=unstable_if action=reinterpret pc=0x0000000002621368 method=com.android.dx.rop.code.RegisterSpec.equals(ILcom/android/dx/rop/type/TypeBearer;Lcom/android/dx/rop/code/LocalItem;)Z @ 16
Event: 4.367 Thread 0x0000000001f8d800 Uncommon trap: reason=unstable_if action=reinterpret pc=0x00000000025dea70 method=com.android.dx.rop.code.RegisterSpec.equals(ILcom/android/dx/rop/type/TypeBearer;Lcom/android/dx/rop/code/LocalItem;)Z @ 16
Event: 4.367 Thread 0x0000000001f8d800 Uncommon trap: reason=unstable_if action=reinterpret pc=0x00000000024ec9ec method=java.util.HashMap.getNode(ILjava/lang/Object;)Ljava/util/HashMap$Node; @ 62
Event: 4.374 Thread 0x0000000001f8d800 Uncommon trap: reason=bimorphic action=maybe_recompile pc=0x000000000269fe7c method=java.util.HashMap.putVal(ILjava/lang/Object;Ljava/lang/Object;ZZ)Ljava/lang/Object; @ 91
Event: 4.483 Thread 0x0000000001f8d800 Uncommon trap: reason=null_check action=make_not_entrant pc=0x00000000026e9468 method=com.android.dx.rop.type.Type.equals(Ljava/lang/Object;)Z @ 8

Internal exceptions (3 events):
Event: 0.382 Thread 0x0000000001f8d800 Exception <a 'java/lang/NoSuchMethodError': Method sun.misc.Unsafe.defineClass(Ljava/lang/String;[BII)Ljava/lang/Class; name or signature does not match> (0x00000000eab07cc0) thrown at [C:\re\workspace\8-2-build-windows-amd64-cygwin\jdk8u74\6087\hotspot\sr	^,¥zÿ?
Event: 0.382 Thread 0x0000000001f8d800 Exception <a 'java/lang/NoSuchMethodError': Method sun.misc.Unsafe.prefetchRead(Ljava/lang/Object;J)V name or signature does not match> (0x00000000eab07fa8) thrown at [C:\re\workspace\8-2-build-windows-amd64-cygwin\jdk8u74\6087\hotspot\src\share\vm\prims\jœètÌNÓ@
Event: 4.483 Thread 0x0000000001f8d800 Implicit null exception at 0x00000000026e9362 to 0x00000000026e945a

Events (10 events):
Event: 4.374 Thread 0x0000000001f8d800 Uncommon trap: trap_request=0xffffffc6 fr.pc=0x000000000269fe7c
Event: 4.374 Thread 0x0000000001f8d800 DEOPT PACKING pc=0x000000000269fe7c sp=0x000000000208e6f0
Event: 4.374 Thread 0x0000000001f8d800 DEOPT UNPACKING pc=0x00000000022d582a sp=0x000000000208e678 mode 2
Event: 4.400 Executing VM operation: ForceSafepoint
Event: 4.472 Executing VM operation: ForceSafepoint done
Event: 4.483 Thread 0x0000000001f8d800 Uncommon trap: trap_request=0xfffffff4 fr.pc=0x00000000026e9468
Event: 4.483 Thread 0x0000000001f8d800 DEOPT PACKING pc=0x00000000026e9468 sp=0x000000000208e400
Event: 4.483 Thread 0x0000000001f8d800 DEOPT UNPACKING pc=0x00000000022d582a sp=0x000000000208e388 mode 2
Event: 4.970 Executing VM operation: EnableBiasedLocking
Event: 5.152 Executing VM operation: EnableBiasedLocking done


Dynamic libraries:
0x00007ff7626f0000 - 0x00007ff762727000 	C:\Program Files\Java\jdk1.8.0_74\bin\java.exe
0x00007ffc94360000 - 0x00007ffc94531000 	C:\WINDOWS\SYSTEM32\ntdll.dll
0x00007ffc92960000 - 0x00007ffc92a0c000 	C:\WINDOWS\System32\KERNEL32.DLL
0x00007ffc90aa0000 - 0x00007ffc90cbd000 	C:\WINDOWS\System32\KERNELBASE.dll
0x00007ffc91ca0000 - 0x00007ffc91d42000 	C:\WINDOWS\System32\ADVAPI32.dll
0x00007ffc92520000 - 0x00007ffc925be000 	C:\WINDOWS\System32\msvcrt.dll
0x00007ffc92900000 - 0x00007ffc92959000 	C:\WINDOWS\System32\sechost.dll
0x00007ffc92c40000 - 0x00007ffc92d61000 	C:\WINDOWS\System32\RPCRT4.dll
0x00007ffc925c0000 - 0x00007ffc92725000 	C:\WINDOWS\System32\USER32.dll
0x00007ffc910f0000 - 0x00007ffc9110e000 	C:\WINDOWS\System32\win32u.dll
0x00007ffc91b60000 - 0x00007ffc91b94000 	C:\WINDOWS\System32\GDI32.dll
0x00007ffc90910000 - 0x00007ffc90a92000 	C:\WINDOWS\System32\gdi32full.dll
0x00007ffc85820000 - 0x00007ffc85a9a000 	C:\WINDOWS\WinSxS\amd64_microsoft.windows.common-controls_6595b64144ccf1df_6.0.14393.953_none_42151e83c686086b\COMCTL32.dll
0x00007ffc92250000 - 0x00007ffc92518000 	C:\WINDOWS\System32\combase.dll
0x00007ffc917f0000 - 0x00007ffc918e5000 	C:\WINDOWS\System32\ucrtbase.dll
0x00007ffc908a0000 - 0x00007ffc9090a000 	C:\WINDOWS\System32\bcryptPrimitives.dll
0x00007ffc92a10000 - 0x00007ffc92a3e000 	C:\WINDOWS\System32\IMM32.DLL
0x000000005bd40000 - 0x000000005be12000 	C:\Program Files\Java\jdk1.8.0_74\jre\bin\msvcr100.dll
0x000000005b4b0000 - 0x000000005bd40000 	C:\Program Files\Java\jdk1.8.0_74\jre\bin\server\jvm.dll
0x00007ffc91a10000 - 0x00007ffc91a18000 	C:\WINDOWS\System32\PSAPI.DLL
0x00007ffc7eb50000 - 0x00007ffc7eb59000 	C:\WINDOWS\SYSTEM32\WSOCK32.dll
0x00007ffc92730000 - 0x00007ffc9279a000 	C:\WINDOWS\System32\WS2_32.dll
0x00007ffc8e6d0000 - 0x00007ffc8e6f3000 	C:\WINDOWS\SYSTEM32\WINMM.dll
0x00007ffc80640000 - 0x00007ffc8064a000 	C:\WINDOWS\SYSTEM32\VERSION.dll
0x00007ffc8e6a0000 - 0x00007ffc8e6cb000 	C:\WINDOWS\SYSTEM32\WINMMBASE.dll
0x00007ffc90850000 - 0x00007ffc90892000 	C:\WINDOWS\System32\cfgmgr32.dll
0x000000005b4a0000 - 0x000000005b4af000 	C:\Program Files\Java\jdk1.8.0_74\jre\bin\verify.dll
0x000000005b470000 - 0x000000005b499000 	C:\Program Files\Java\jdk1.8.0_74\jre\bin\java.dll
0x000000005b450000 - 0x000000005b466000 	C:\Program Files\Java\jdk1.8.0_74\jre\bin\zip.dll
0x00007ffc92e40000 - 0x00007ffc94348000 	C:\WINDOWS\System32\SHELL32.dll
0x00007ffc91110000 - 0x00007ffc917ea000 	C:\WINDOWS\System32\windows.storage.dll
0x00007ffc90800000 - 0x00007ffc9084c000 	C:\WINDOWS\System32\powrprof.dll
0x00007ffc92be0000 - 0x00007ffc92c32000 	C:\WINDOWS\System32\shlwapi.dll
0x00007ffc907f0000 - 0x00007ffc907ff000 	C:\WINDOWS\System32\kernel.appcore.dll
0x00007ffc90fe0000 - 0x00007ffc91089000 	C:\WINDOWS\System32\shcore.dll
0x00007ffc907d0000 - 0x00007ffc907e4000 	C:\WINDOWS\System32\profapi.dll

VM Arguments:
jvm_args: -Djava.awt.headless=true -Xmx1024M -Dfile.encoding=windows-1250 -Duser.country=US -Duser.language=en -Duser.variant 
java_command: com.android.dx.command.Main --dex --force-jumbo --num-threads=4 --multi-dex --output C:\Users\tinen\Desktop\Fax\RVIR\Projekt\NavigationDrawer\NavigationDrawer\app\build\intermediates\transforms\dex\debug\folders\1000\10\com.android.support-design-23.2.0_35e85426bfe7cc8b4944ce7ac45f9733ab2f71ee C:\Users\tinen\Desktop\Fax\RVIR\Projekt\NavigationDrawer\NavigationDrawer\app\build\intermediates\exploded-aar\com.android.support\design\23.2.0\jars\classes.jar
java_class_path (initial): C:\Users\tinen\AppData\Local\Android\sdk\build-tools\23.0.2\lib\dx.jar
Launcher Type: SUN_STANDARD

Environment Variables:
PATH=C:\Program Files\Microsoft MPI\Bin\;C:\oraclexe\app\oracle\product\11.2.0\server\bin;C:\Program Files (x86)\Intel\iCLS Client\;C:\Program Files\Intel\iCLS Client\;C:\ProgramData\Oracle\Java\javapath;C:\WINDOWS\system32;C:\WINDOWS;C:\WINDOWS\System32\Wbem;C:\WINDOWS\System32\WindowsPowerShell\v1.0\;C:\Program Files (x86)\AMD\ATI.ACE\Core-Static;C:\Program Files (x86)\Intel\Intel(R) Management Engine Components\DAL;C:\Program Files\Intel\Intel(R) Management Engine Components\DAL;C:\Program Files (x86)\Intel\Intel(R) Management Engine Components\IPT;C:\Program Files\Intel\Intel(R) Management Engine Components\IPT;C:\Program Files\Java\jdk1.8.0_74\bin;C:\Program Files\Java\jre1.8.0_74\bin;C:\Program Files\TortoiseSVN\bin;C:\Program Files\VisualSVN Server\bin;C:\Users\tinen\.dnx\bin;C:\Program Files\Microsoft DNX\Dnvm\;C:\Program Files (x86)\Microsoft SQL Server\130\Tools\Binn\;C:\Program Files\Microsoft SQL Server\130\Tools\Binn\;C:\Program Files (x86)\Microsoft SQL Server\130\DTS\Binn\;C:\Program Files\Microsoft SQL Server\130\DTS\Binn\;C:\Program Files\Microsoft SQL Server\Client SDK\ODBC\130\Tools\Binn\;C:\Program Files (x86)\Microsoft SQL Server\Client SDK\ODBC\130\Tools\Binn\;C:\Program Files (x86)\Microsoft SQL Server\130\Tools\Binn\ManagementStudio\;C:\Program Files (x86)\Skype\Phone\;C:\Users\tinen\AppData\Local\Microsoft\WindowsApps
USERNAME=Shibby
OS=Windows_NT
PROCESSOR_IDENTIFIER=Intel64 Family 6 Model 60 Stepping 3, GenuineIntel



---------------  S Y S T E M  ---------------

OS: Windows 10.0 , 64 bit Build 14393 (10.0.14393.1198)

CPU:total 4 (2 cores per cpu, 2 threads per core) family 6 model 60 stepping 3, cmov, cx8, fxsr, mmx, sse, sse2, sse3, ssse3, sse4.1, sse4.2, popcnt, avx, avx2, aes, clmul, erms, lzcnt, ht, tsc, tscinvbit, bmi1, bmi2

Memory: 4k page, physical 8266860k(1419100k free), swap 12237192k(5200k free)

vm_info: Java HotSpot(TM) 64-Bit Server VM (25.74-b02) for windows-amd64 JRE (1.8.0_74-b02), built on Jan 29 2016 17:42:36 by "java_re" with MS VC++ 10.0 (VS2010)

time: Sat May 13 12:34:33 2017
elapsed time: 5 seconds (0d 0h 0m 5s)

