#
# There is insufficient memory for the Java Runtime Environment to continue.
# Native memory allocation (malloc) failed to allocate 234816 bytes for Chunk::new
# Possible reasons:
#   The system is out of physical RAM or swap space
#   In 32 bit mode, the process size limit was hit
# Possible solutions:
#   Reduce memory load on the system
#   Increase physical memory or swap space
#   Check if swap backing store is full
#   Use 64 bit Java on a 64 bit OS
#   Decrease Java heap size (-Xmx/-Xms)
#   Decrease number of Java threads
#   Decrease Java thread stack sizes (-Xss)
#   Set larger code cache with -XX:ReservedCodeCacheSize=
# This output file may be truncated or incomplete.
#
#  Out of Memory Error (allocation.cpp:390), pid=12536, tid=6652
#
# JRE version: Java(TM) SE Runtime Environment (8.0_74-b02) (build 1.8.0_74-b02)
# Java VM: Java HotSpot(TM) 64-Bit Server VM (25.74-b02 mixed mode windows-amd64 compressed oops)
# Failed to write core dump. Minidumps are not enabled by default on client versions of Windows
#

---------------  T H R E A D  ---------------

Current thread (0x00000000150ff800):  JavaThread "C2 CompilerThread0" daemon [_thread_in_native, id=6652, stack(0x0000000016750000,0x0000000016850000)]

Stack: [0x0000000016750000,0x0000000016850000]
[error occurred during error reporting (printing stack bounds), id 0xc0000005]

Native frames: (J=compiled Java code, j=interpreted, Vv=VM code, C=native code)


Current CompileTask:
C2:   5023 1248       4       com.android.dx.ssa.SsaRenamer$BlockRenamer::visitNonMoveInsn (14 bytes)


---------------  P R O C E S S  ---------------

Java Threads: ( => current thread )
  0x0000000016bb2800 JavaThread "pool-2-thread-4" [_thread_in_vm, id=12020, stack(0x0000000017450000,0x0000000017550000)]
  0x0000000016bb1000 JavaThread "pool-2-thread-3" [_thread_blocked, id=3556, stack(0x0000000017350000,0x0000000017450000)]
  0x0000000016baf800 JavaThread "pool-2-thread-2" [_thread_blocked, id=5716, stack(0x0000000017250000,0x0000000017350000)]
  0x0000000016b6e800 JavaThread "pool-3-thread-1" [_thread_blocked, id=13008, stack(0x0000000017150000,0x0000000017250000)]
  0x0000000016b6a000 JavaThread "pool-2-thread-1" [_thread_in_Java, id=6980, stack(0x0000000017050000,0x0000000017150000)]
  0x0000000016956000 JavaThread "Service Thread" daemon [_thread_blocked, id=4992, stack(0x0000000016e50000,0x0000000016f50000)]
  0x0000000016950800 JavaThread "C1 CompilerThread2" daemon [_thread_in_vm, id=12832, stack(0x0000000016d50000,0x0000000016e50000)]
  0x0000000015103000 JavaThread "C2 CompilerThread1" daemon [_thread_in_native, id=928, stack(0x0000000016850000,0x0000000016950000)]
=>0x00000000150ff800 JavaThread "C2 CompilerThread0" daemon [_thread_in_native, id=6652, stack(0x0000000016750000,0x0000000016850000)]
  0x00000000150fd800 JavaThread "Attach Listener" daemon [_thread_blocked, id=10268, stack(0x0000000016650000,0x0000000016750000)]
  0x0000000002a2e800 JavaThread "Signal Dispatcher" daemon [_thread_blocked, id=8728, stack(0x0000000016550000,0x0000000016650000)]
  0x00000000150ea000 JavaThread "Finalizer" daemon [_thread_in_vm, id=9204, stack(0x0000000016360000,0x0000000016460000)]
  0x0000000002a20000 JavaThread "Reference Handler" daemon [_thread_in_Java, id=5332, stack(0x0000000016260000,0x0000000016360000)]
  0x000000000279d800 JavaThread "main" [_thread_in_native, id=11280, stack(0x0000000002830000,0x0000000002930000)]

Other Threads:
  0x00000000150c7800 VMThread [stack: 0x0000000016160000,0x0000000016260000] [id=11440]
  0x000000001696a800 WatcherThread [stack: 0x0000000016f50000,0x0000000017050000] [id=5320]

VM state:not at safepoint (normal execution)

VM Mutex/Monitor currently owned by a thread: None

Heap:
 PSYoungGen      total 38400K, used 6567K [0x00000000eab00000, 0x00000000ef600000, 0x0000000100000000)
  eden space 33280K, 4% used [0x00000000eab00000,0x00000000eac6bbc8,0x00000000ecb80000)
  from space 5120K, 99% used [0x00000000ecb80000,0x00000000ed07e130,0x00000000ed080000)
  to   space 5120K, 0% used [0x00000000ef100000,0x00000000ef100000,0x00000000ef600000)
 ParOldGen       total 87552K, used 1104K [0x00000000c0000000, 0x00000000c5580000, 0x00000000eab00000)
  object space 87552K, 1% used [0x00000000c0000000,0x00000000c0114390,0x00000000c5580000)
 Metaspace       used 6041K, capacity 6962K, committed 7040K, reserved 1056768K
  class space    used 599K, capacity 618K, committed 640K, reserved 1048576K

Card table byte_map: [0x0000000011df0000,0x0000000012000000] byte_map_base: 0x00000000117f0000

Marking Bits: (ParMarkBitMap*) 0x000000005bcc0600
 Begin Bits: [0x0000000012560000, 0x0000000013560000)
 End Bits:   [0x0000000013560000, 0x0000000014560000)

Polling page: 0x0000000000fd0000

CodeCache: size=245760Kb used=5519Kb max_used=5519Kb free=240240Kb
 bounds [0x0000000002a30000, 0x0000000002fa0000, 0x0000000011a30000]
 total_blobs=1565 nmethods=1296 adapters=182
 compilation: enabled

Compilation events (10 events):
Event: 5.013 Thread 0x0000000016950800 1292       3       com.android.dx.dex.file.StringIdItem::<init> (29 bytes)
Event: 5.013 Thread 0x0000000016950800 nmethod 1292 0x0000000002f94250 code [0x0000000002f943e0, 0x0000000002f94788]
Event: 5.013 Thread 0x0000000016950800 1293  s    3       com.android.dx.dex.file.StringIdsSection::intern (53 bytes)
Event: 5.014 Thread 0x0000000016950800 nmethod 1293 0x0000000002f93310 code [0x0000000002f93500, 0x0000000002f93e98]
Event: 5.019 Thread 0x0000000016950800 1294       3       java.util.zip.ZipFile::access$1300 (5 bytes)
Event: 5.020 Thread 0x0000000016950800 nmethod 1294 0x0000000002f92e10 code [0x0000000002f92f80, 0x0000000002f931e8]
Event: 5.020 Thread 0x0000000016950800 1295       3       java.util.zip.ZipFile::ensureOpenOrZipException (18 bytes)
Event: 5.020 Thread 0x0000000016950800 nmethod 1295 0x0000000002f92990 code [0x0000000002f92b00, 0x0000000002f92d28]
Event: 5.020 Thread 0x0000000016950800 1296       3       java.util.zip.ZipFile::access$1400 (14 bytes)
Event: 5.020 Thread 0x0000000016950800 nmethod 1296 0x0000000002f92610 code [0x0000000002f92780, 0x0000000002f928e8]

GC Heap History (2 events):
Event: 4.840 GC heap before
{Heap before GC invocations=1 (full 0):
 PSYoungGen      total 38400K, used 33280K [0x00000000eab00000, 0x00000000ed580000, 0x0000000100000000)
  eden space 33280K, 100% used [0x00000000eab00000,0x00000000ecb80000,0x00000000ecb80000)
  from space 5120K, 0% used [0x00000000ed080000,0x00000000ed080000,0x00000000ed580000)
  to   space 5120K, 0% used [0x00000000ecb80000,0x00000000ecb80000,0x00000000ed080000)
 ParOldGen       total 87552K, used 0K [0x00000000c0000000, 0x00000000c5580000, 0x00000000eab00000)
  object space 87552K, 0% used [0x00000000c0000000,0x00000000c0000000,0x00000000c5580000)
 Metaspace       used 6026K, capacity 6962K, committed 7040K, reserved 1056768K
  class space    used 599K, capacity 618K, committed 640K, reserved 1048576K
Event: 4.989 GC heap after
Heap after GC invocations=1 (full 0):
 PSYoungGen      total 38400K, used 5112K [0x00000000eab00000, 0x00000000ef600000, 0x0000000100000000)
  eden space 33280K, 0% used [0x00000000eab00000,0x00000000eab00000,0x00000000ecb80000)
  from space 5120K, 99% used [0x00000000ecb80000,0x00000000ed07e130,0x00000000ed080000)
  to   space 5120K, 0% used [0x00000000ef100000,0x00000000ef100000,0x00000000ef600000)
 ParOldGen       total 87552K, used 1104K [0x00000000c0000000, 0x00000000c5580000, 0x00000000eab00000)
  object space 87552K, 1% used [0x00000000c0000000,0x00000000c0114390,0x00000000c5580000)
 Metaspace       used 6026K, capacity 6962K, committed 7040K, reserved 1056768K
  class space    used 599K, capacity 618K, committed 640K, reserved 1048576K
}

Deoptimization events (10 events):
Event: 4.831 Thread 0x0000000016bb2800 Uncommon trap: reason=class_check action=maybe_recompile pc=0x0000000002eaf3d8 method=java.util.HashMap.putVal(ILjava/lang/Object;Ljava/lang/Object;ZZ)Ljava/lang/Object; @ 203
Event: 4.834 Thread 0x0000000016bb2800 Uncommon trap: reason=unstable_if action=reinterpret pc=0x0000000002d9482c method=com.android.dx.rop.code.RegisterSpecSet.put(Lcom/android/dx/rop/code/RegisterSpec;)V @ 77
Event: 4.834 Thread 0x0000000016bb2800 Uncommon trap: reason=unstable_if action=reinterpret pc=0x0000000002dbe660 method=com.android.dx.rop.code.RegisterSpecSet.put(Lcom/android/dx/rop/code/RegisterSpec;)V @ 77
Event: 4.835 Thread 0x0000000016bb2800 Uncommon trap: reason=bimorphic action=maybe_recompile pc=0x0000000002c896a8 method=java.util.HashMap.getNode(ILjava/lang/Object;)Ljava/util/HashMap$Node; @ 126
Event: 4.835 Thread 0x0000000016bb2800 Uncommon trap: reason=class_check action=maybe_recompile pc=0x0000000002eaf3d8 method=java.util.HashMap.putVal(ILjava/lang/Object;Ljava/lang/Object;ZZ)Ljava/lang/Object; @ 203
Event: 4.835 Thread 0x0000000016bb2800 Uncommon trap: reason=bimorphic action=maybe_recompile pc=0x0000000002c896a8 method=java.util.HashMap.getNode(ILjava/lang/Object;)Ljava/util/HashMap$Node; @ 126
Event: 4.835 Thread 0x0000000016bb2800 Uncommon trap: reason=class_check action=maybe_recompile pc=0x0000000002eaf3d8 method=java.util.HashMap.putVal(ILjava/lang/Object;Ljava/lang/Object;ZZ)Ljava/lang/Object; @ 203
Event: 4.835 Thread 0x0000000016bb2800 Uncommon trap: reason=bimorphic action=maybe_recompile pc=0x0000000002c896a8 method=java.util.HashMap.getNode(ILjava/lang/Object;)Ljava/util/HashMap$Node; @ 126
Event: 4.835 Thread 0x0000000016bb2800 Uncommon trap: reason=class_check action=maybe_recompile pc=0x0000000002eaf3d8 method=java.util.HashMap.putVal(ILjava/lang/Object;Ljava/lang/Object;ZZ)Ljava/lang/Object; @ 203
Event: 4.835 Thread 0x0000000016bb2800 Uncommon trap: reason=bimorphic action=maybe_recompile pc=0x0000000002c70004 method=java.util.HashMap.getNode(ILjava/lang/Object;)Ljava/util/HashMap$Node; @ 126

Internal exceptions (2 events):
Event: 0.120 Thread 0x000000000279d800 Exception <a 'java/lang/NoSuchMethodError': Method sun.misc.Unsafe.defineClass(Ljava/lang/String;[BII)Ljava/lang/Class; name or signature does not match> (0x00000000eab07cc0) thrown at [C:\re\workspace\8-2-build-windows-amd64-cygwin\jdk8u74\6087\hotspot\sr¯×=B˜¼¾?
Event: 0.120 Thread 0x000000000279d800 Exception <a 'java/lang/NoSuchMethodError': Method sun.misc.Unsafe.prefetchRead(Ljava/lang/Object;J)V name or signature does not match> (0x00000000eab07fa8) thrown at [C:\re\workspace\8-2-build-windows-amd64-cygwin\jdk8u74\6087\hotspot\src\share\vm\prims\j

Events (10 events):
Event: 4.835 Thread 0x0000000016bb2800 DEOPT PACKING pc=0x0000000002c896a8 sp=0x000000001754e930
Event: 4.835 Thread 0x0000000016bb2800 DEOPT UNPACKING pc=0x0000000002a7582a sp=0x000000001754e8b0 mode 2
Event: 4.835 Thread 0x0000000016bb2800 Uncommon trap: trap_request=0xffffffde fr.pc=0x0000000002eaf3d8
Event: 4.835 Thread 0x0000000016bb2800 DEOPT PACKING pc=0x0000000002eaf3d8 sp=0x000000001754e900
Event: 4.835 Thread 0x0000000016bb2800 DEOPT UNPACKING pc=0x0000000002a7582a sp=0x000000001754e888 mode 2
Event: 4.835 Thread 0x0000000016bb2800 Uncommon trap: trap_request=0xffffffc6 fr.pc=0x0000000002c70004
Event: 4.835 Thread 0x0000000016bb2800 DEOPT PACKING pc=0x0000000002c70004 sp=0x000000001754e630
Event: 4.835 Thread 0x0000000016bb2800 DEOPT UNPACKING pc=0x0000000002a7582a sp=0x000000001754e558 mode 2
Event: 4.840 Executing VM operation: ParallelGCFailedAllocation
Event: 4.989 Executing VM operation: ParallelGCFailedAllocation done


Dynamic libraries:
0x00007ff7626f0000 - 0x00007ff762727000 	C:\Program Files\Java\jdk1.8.0_74\bin\java.exe
0x00007ffc94360000 - 0x00007ffc94531000 	C:\WINDOWS\SYSTEM32\ntdll.dll
0x00007ffc92960000 - 0x00007ffc92a0c000 	C:\WINDOWS\System32\KERNEL32.DLL
0x00007ffc90aa0000 - 0x00007ffc90cbd000 	C:\WINDOWS\System32\KERNELBASE.dll
0x00007ffc91ca0000 - 0x00007ffc91d42000 	C:\WINDOWS\System32\ADVAPI32.dll
0x00007ffc92520000 - 0x00007ffc925be000 	C:\WINDOWS\System32\msvcrt.dll
0x00007ffc92900000 - 0x00007ffc92959000 	C:\WINDOWS\System32\sechost.dll
0x00007ffc92c40000 - 0x00007ffc92d61000 	C:\WINDOWS\System32\RPCRT4.dll
0x00007ffc925c0000 - 0x00007ffc92725000 	C:\WINDOWS\System32\USER32.dll
0x00007ffc910f0000 - 0x00007ffc9110e000 	C:\WINDOWS\System32\win32u.dll
0x00007ffc91b60000 - 0x00007ffc91b94000 	C:\WINDOWS\System32\GDI32.dll
0x00007ffc90910000 - 0x00007ffc90a92000 	C:\WINDOWS\System32\gdi32full.dll
0x00007ffc85820000 - 0x00007ffc85a9a000 	C:\WINDOWS\WinSxS\amd64_microsoft.windows.common-controls_6595b64144ccf1df_6.0.14393.953_none_42151e83c686086b\COMCTL32.dll
0x00007ffc92250000 - 0x00007ffc92518000 	C:\WINDOWS\System32\combase.dll
0x00007ffc917f0000 - 0x00007ffc918e5000 	C:\WINDOWS\System32\ucrtbase.dll
0x00007ffc908a0000 - 0x00007ffc9090a000 	C:\WINDOWS\System32\bcryptPrimitives.dll
0x00007ffc92a10000 - 0x00007ffc92a3e000 	C:\WINDOWS\System32\IMM32.DLL
0x000000005bd40000 - 0x000000005be12000 	C:\Program Files\Java\jdk1.8.0_74\jre\bin\msvcr100.dll
0x000000005b4b0000 - 0x000000005bd40000 	C:\Program Files\Java\jdk1.8.0_74\jre\bin\server\jvm.dll
0x00007ffc91a10000 - 0x00007ffc91a18000 	C:\WINDOWS\System32\PSAPI.DLL
0x00007ffc7eb50000 - 0x00007ffc7eb59000 	C:\WINDOWS\SYSTEM32\WSOCK32.dll
0x00007ffc92730000 - 0x00007ffc9279a000 	C:\WINDOWS\System32\WS2_32.dll
0x00007ffc8e6d0000 - 0x00007ffc8e6f3000 	C:\WINDOWS\SYSTEM32\WINMM.dll
0x00007ffc80640000 - 0x00007ffc8064a000 	C:\WINDOWS\SYSTEM32\VERSION.dll
0x00007ffc8e6a0000 - 0x00007ffc8e6cb000 	C:\WINDOWS\SYSTEM32\WINMMBASE.dll
0x00007ffc90850000 - 0x00007ffc90892000 	C:\WINDOWS\System32\cfgmgr32.dll
0x000000005b4a0000 - 0x000000005b4af000 	C:\Program Files\Java\jdk1.8.0_74\jre\bin\verify.dll
0x000000005b470000 - 0x000000005b499000 	C:\Program Files\Java\jdk1.8.0_74\jre\bin\java.dll
0x000000005b450000 - 0x000000005b466000 	C:\Program Files\Java\jdk1.8.0_74\jre\bin\zip.dll
0x00007ffc92e40000 - 0x00007ffc94348000 	C:\WINDOWS\System32\SHELL32.dll
0x00007ffc91110000 - 0x00007ffc917ea000 	C:\WINDOWS\System32\windows.storage.dll
0x00007ffc90800000 - 0x00007ffc9084c000 	C:\WINDOWS\System32\powrprof.dll
0x00007ffc92be0000 - 0x00007ffc92c32000 	C:\WINDOWS\System32\shlwapi.dll
0x00007ffc907f0000 - 0x00007ffc907ff000 	C:\WINDOWS\System32\kernel.appcore.dll
0x00007ffc90fe0000 - 0x00007ffc91089000 	C:\WINDOWS\System32\shcore.dll
0x00007ffc907d0000 - 0x00007ffc907e4000 	C:\WINDOWS\System32\profapi.dll

VM Arguments:
jvm_args: -Djava.awt.headless=true -Xmx1024M -Dfile.encoding=windows-1250 -Duser.country=US -Duser.language=en -Duser.variant 
java_command: com.android.dx.command.Main --dex --force-jumbo --num-threads=4 --multi-dex --output C:\Users\tinen\Desktop\Fax\RVIR\Projekt\NavigationDrawer\NavigationDrawer\app\build\intermediates\transforms\dex\debug\folders\1000\10\com.android.support-recyclerview-v7-23.2.0_5f15e82f9f0adffc9d0ac4a557cb3b0d6c8ce5b6 C:\Users\tinen\Desktop\Fax\RVIR\Projekt\NavigationDrawer\NavigationDrawer\app\build\intermediates\exploded-aar\com.android.support\recyclerview-v7\23.2.0\jars\classes.jar
java_class_path (initial): C:\Users\tinen\AppData\Local\Android\sdk\build-tools\23.0.2\lib\dx.jar
Launcher Type: SUN_STANDARD

Environment Variables:
PATH=C:\Program Files\Microsoft MPI\Bin\;C:\oraclexe\app\oracle\product\11.2.0\server\bin;C:\Program Files (x86)\Intel\iCLS Client\;C:\Program Files\Intel\iCLS Client\;C:\ProgramData\Oracle\Java\javapath;C:\WINDOWS\system32;C:\WINDOWS;C:\WINDOWS\System32\Wbem;C:\WINDOWS\System32\WindowsPowerShell\v1.0\;C:\Program Files (x86)\AMD\ATI.ACE\Core-Static;C:\Program Files (x86)\Intel\Intel(R) Management Engine Components\DAL;C:\Program Files\Intel\Intel(R) Management Engine Components\DAL;C:\Program Files (x86)\Intel\Intel(R) Management Engine Components\IPT;C:\Program Files\Intel\Intel(R) Management Engine Components\IPT;C:\Program Files\Java\jdk1.8.0_74\bin;C:\Program Files\Java\jre1.8.0_74\bin;C:\Program Files\TortoiseSVN\bin;C:\Program Files\VisualSVN Server\bin;C:\Users\tinen\.dnx\bin;C:\Program Files\Microsoft DNX\Dnvm\;C:\Program Files (x86)\Microsoft SQL Server\130\Tools\Binn\;C:\Program Files\Microsoft SQL Server\130\Tools\Binn\;C:\Program Files (x86)\Microsoft SQL Server\130\DTS\Binn\;C:\Program Files\Microsoft SQL Server\130\DTS\Binn\;C:\Program Files\Microsoft SQL Server\Client SDK\ODBC\130\Tools\Binn\;C:\Program Files (x86)\Microsoft SQL Server\Client SDK\ODBC\130\Tools\Binn\;C:\Program Files (x86)\Microsoft SQL Server\130\Tools\Binn\ManagementStudio\;C:\Program Files (x86)\Skype\Phone\;C:\Users\tinen\AppData\Local\Microsoft\WindowsApps
USERNAME=Shibby
OS=Windows_NT
PROCESSOR_IDENTIFIER=Intel64 Family 6 Model 60 Stepping 3, GenuineIntel



---------------  S Y S T E M  ---------------

OS: Windows 10.0 , 64 bit Build 14393 (10.0.14393.1198)

CPU:total 4 (2 cores per cpu, 2 threads per core) family 6 model 60 stepping 3, cmov, cx8, fxsr, mmx, sse, sse2, sse3, ssse3, sse4.1, sse4.2, popcnt, avx, avx2, aes, clmul, erms, lzcnt, ht, tsc, tscinvbit, bmi1, bmi2

Memory: 4k page, physical 8266860k(1428132k free), swap 12237192k(4340k free)

vm_info: Java HotSpot(TM) 64-Bit Server VM (25.74-b02) for windows-amd64 JRE (1.8.0_74-b02), built on Jan 29 2016 17:42:36 by "java_re" with MS VC++ 10.0 (VS2010)

time: Sat May 13 12:34:39 2017
elapsed time: 5 seconds (0d 0h 0m 5s)

