#
# There is insufficient memory for the Java Runtime Environment to continue.
# Native memory allocation (malloc) failed to allocate 1313616 bytes for Chunk::new
# Possible reasons:
#   The system is out of physical RAM or swap space
#   In 32 bit mode, the process size limit was hit
# Possible solutions:
#   Reduce memory load on the system
#   Increase physical memory or swap space
#   Check if swap backing store is full
#   Use 64 bit Java on a 64 bit OS
#   Decrease Java heap size (-Xmx/-Xms)
#   Decrease number of Java threads
#   Decrease Java thread stack sizes (-Xss)
#   Set larger code cache with -XX:ReservedCodeCacheSize=
# This output file may be truncated or incomplete.
#
#  Out of Memory Error (allocation.cpp:390), pid=4708, tid=6292
#
# JRE version: Java(TM) SE Runtime Environment (8.0_74-b02) (build 1.8.0_74-b02)
# Java VM: Java HotSpot(TM) 64-Bit Server VM (25.74-b02 mixed mode windows-amd64 compressed oops)
# Failed to write core dump. Minidumps are not enabled by default on client versions of Windows
#

---------------  T H R E A D  ---------------

Current thread (0x0000000014e21000):  JavaThread "C2 CompilerThread1" daemon [_thread_in_native, id=6292, stack(0x0000000016550000,0x0000000016650000)]

Stack: [0x0000000016550000,0x0000000016650000]
[error occurred during error reporting (printing stack bounds), id 0xc0000005]

Native frames: (J=compiled Java code, j=interpreted, Vv=VM code, C=native code)


Current CompileTask:
C2:   5454 1134       4       com.android.dx.ssa.SCCP::simulateBranch (666 bytes)


---------------  P R O C E S S  ---------------

Java Threads: ( => current thread )
  0x00000000169d0800 JavaThread "pool-2-thread-4" [_thread_in_Java, id=8124, stack(0x0000000017150000,0x0000000017250000)]
  0x00000000168ce000 JavaThread "pool-2-thread-2" [_thread_in_Java, id=12380, stack(0x0000000016f50000,0x0000000017050000)]
  0x00000000168cb000 JavaThread "pool-3-thread-1" [_thread_blocked, id=200, stack(0x0000000016e50000,0x0000000016f50000)]
  0x00000000168c9000 JavaThread "pool-2-thread-1" [_thread_in_vm, id=11248, stack(0x0000000016d50000,0x0000000016e50000)]
  0x0000000014e3e800 JavaThread "Service Thread" daemon [_thread_blocked, id=1744, stack(0x0000000016b50000,0x0000000016c50000)]
  0x0000000014e3b800 JavaThread "C1 CompilerThread2" daemon [_thread_blocked, id=5312, stack(0x0000000016650000,0x0000000016750000)]
=>0x0000000014e21000 JavaThread "C2 CompilerThread1" daemon [_thread_in_native, id=6292, stack(0x0000000016550000,0x0000000016650000)]
  0x0000000014ddf800 JavaThread "C2 CompilerThread0" daemon [_thread_in_native, id=1268, stack(0x0000000016450000,0x0000000016550000)]
  0x0000000014ddd800 JavaThread "Attach Listener" daemon [_thread_blocked, id=2200, stack(0x0000000016350000,0x0000000016450000)]
  0x000000000270e800 JavaThread "Signal Dispatcher" daemon [_thread_blocked, id=2196, stack(0x0000000016250000,0x0000000016350000)]
  0x0000000014dca000 JavaThread "Finalizer" daemon [_thread_blocked, id=8564, stack(0x0000000016040000,0x0000000016140000)]
  0x0000000002700000 JavaThread "Reference Handler" daemon [_thread_blocked, id=12504, stack(0x0000000015f40000,0x0000000016040000)]
  0x00000000024cd800 JavaThread "main" [_thread_blocked, id=4840, stack(0x0000000002380000,0x0000000002480000)]

Other Threads:
  0x0000000014da7800 VMThread [stack: 0x0000000015e40000,0x0000000015f40000] [id=7400]
  0x000000001675a000 WatcherThread [stack: 0x0000000016c50000,0x0000000016d50000] [id=1856]

VM state:not at safepoint (normal execution)

VM Mutex/Monitor currently owned by a thread: None

Heap:
 PSYoungGen      total 38400K, used 33280K [0x00000000eab00000, 0x00000000ed580000, 0x0000000100000000)
  eden space 33280K, 100% used [0x00000000eab00000,0x00000000ecb80000,0x00000000ecb80000)
  from space 5120K, 0% used [0x00000000ed080000,0x00000000ed080000,0x00000000ed580000)
  to   space 5120K, 0% used [0x00000000ecb80000,0x00000000ecb80000,0x00000000ed080000)
 ParOldGen       total 87552K, used 0K [0x00000000c0000000, 0x00000000c5580000, 0x00000000eab00000)
  object space 87552K, 0% used [0x00000000c0000000,0x00000000c0000000,0x00000000c5580000)
 Metaspace       used 6016K, capacity 6964K, committed 7040K, reserved 1056768K
  class space    used 605K, capacity 620K, committed 640K, reserved 1048576K

Card table byte_map: [0x0000000011ad0000,0x0000000011ce0000] byte_map_base: 0x00000000114d0000

Marking Bits: (ParMarkBitMap*) 0x000000005bcc0600
 Begin Bits: [0x0000000012240000, 0x0000000013240000)
 End Bits:   [0x0000000013240000, 0x0000000014240000)

Polling page: 0x0000000002480000

CodeCache: size=245760Kb used=5029Kb max_used=5029Kb free=240730Kb
 bounds [0x0000000002710000, 0x0000000002c00000, 0x0000000011710000]
 total_blobs=1490 nmethods=1219 adapters=182
 compilation: enabled

Compilation events (10 events):
Event: 5.443 Thread 0x0000000014e3b800 1228       3       com.android.dx.ssa.back.FirstFitLocalCombiningAllocator::access$100 (5 bytes)
Event: 5.443 Thread 0x0000000014e3b800 nmethod 1228 0x0000000002bf5850 code [0x0000000002bf59c0, 0x0000000002bf5bb0]
Event: 5.443 Thread 0x0000000014e3b800 1231       3       com.android.dx.rop.code.LocalVariableInfo::addAssignment (43 bytes)
Event: 5.444 Thread 0x0000000014e3b800 nmethod 1231 0x0000000002bf5c50 code [0x0000000002bf5e20, 0x0000000002bf6418]
Event: 5.444 Thread 0x0000000014e3b800 1225       3       com.android.dx.ssa.SsaMethod::getGoto (26 bytes)
Event: 5.446 Thread 0x0000000014e3b800 nmethod 1225 0x0000000002bf6690 code [0x0000000002bf6840, 0x0000000002bf6db8]
Event: 5.446 Thread 0x0000000014e3b800 1233       3       com.android.dx.rop.cst.CstDouble::getType (4 bytes)
Event: 5.446 Thread 0x0000000014e3b800 nmethod 1233 0x0000000002bf7010 code [0x0000000002bf7160, 0x0000000002bf72b0]
Event: 5.446 Thread 0x0000000014e3b800 1232       3       com.android.dx.rop.cst.CstBaseMethodRef::isInstanceInit (8 bytes)
Event: 5.447 Thread 0x0000000014e3b800 nmethod 1232 0x0000000002bf7350 code [0x0000000002bf74c0, 0x0000000002bf78e8]

GC Heap History (0 events):
No events

Deoptimization events (9 events):
Event: 3.075 Thread 0x00000000024cd800 Uncommon trap: reason=unstable_if action=reinterpret pc=0x000000000293ee20 method=java.util.HashMap.getNode(ILjava/lang/Object;)Ljava/util/HashMap$Node; @ 129
Event: 3.521 Thread 0x00000000168ce000 Uncommon trap: reason=unstable_if action=reinterpret pc=0x0000000002a4a55c method=com.android.dx.rop.cst.Constant.compareTo(Lcom/android/dx/rop/cst/Constant;)I @ 12
Event: 4.648 Thread 0x00000000169d0800 Uncommon trap: reason=unstable_if action=reinterpret pc=0x0000000002a4292c method=com.android.dx.rop.code.RegisterSpecSet.put(Lcom/android/dx/rop/code/RegisterSpec;)V @ 77
Event: 4.648 Thread 0x00000000169d0800 Uncommon trap: reason=unstable_if action=reinterpret pc=0x0000000002a5c46c method=com.android.dx.rop.code.RegisterSpecSet.put(Lcom/android/dx/rop/code/RegisterSpec;)V @ 77
Event: 4.658 Thread 0x00000000168ce000 Uncommon trap: reason=unstable_if action=reinterpret pc=0x0000000002b17c7c method=com.android.dx.util.IntList.binarysearch(I)I @ 105
Event: 4.713 Thread 0x00000000168ce000 Uncommon trap: reason=bimorphic action=maybe_recompile pc=0x0000000002986b6c method=java.util.HashMap.getNode(ILjava/lang/Object;)Ljava/util/HashMap$Node; @ 126
Event: 4.713 Thread 0x00000000168ce000 Uncommon trap: reason=class_check action=maybe_recompile pc=0x0000000002b154b8 method=java.util.HashMap.putVal(ILjava/lang/Object;Ljava/lang/Object;ZZ)Ljava/lang/Object; @ 203
Event: 4.744 Thread 0x00000000168c9000 Uncommon trap: reason=null_check action=make_not_entrant pc=0x00000000029c81a8 method=com.android.dx.rop.type.Type.equals(Ljava/lang/Object;)Z @ 8
Event: 5.426 Thread 0x00000000169d0800 Uncommon trap: reason=bimorphic action=maybe_recompile pc=0x00000000029ca1a8 method=java.util.HashMap.getNode(ILjava/lang/Object;)Ljava/util/HashMap$Node; @ 126

Internal exceptions (3 events):
Event: 0.386 Thread 0x00000000024cd800 Exception <a 'java/lang/NoSuchMethodError': Method sun.misc.Unsafe.defineClass(Ljava/lang/String;[BII)Ljava/lang/Class; name or signature does not match> (0x00000000eab07cc0) thrown at [C:\re\workspace\8-2-build-windows-amd64-cygwin\jdk8u74\6087\hotspot\srrjç†I∫ÿ?
Event: 0.386 Thread 0x00000000024cd800 Exception <a 'java/lang/NoSuchMethodError': Method sun.misc.Unsafe.prefetchRead(Ljava/lang/Object;J)V name or signature does not match> (0x00000000eab07fa8) thrown at [C:\re\workspace\8-2-build-windows-amd64-cygwin\jdk8u74\6087\hotspot\src\share\vm\prims\jŸ6rA˙@
Event: 4.744 Thread 0x00000000168c9000 Implicit null exception at 0x00000000029c80a2 to 0x00000000029c819a

Events (10 events):
Event: 4.713 Thread 0x00000000168ce000 DEOPT UNPACKING pc=0x000000000275582a sp=0x000000001704ea18 mode 2
Event: 4.744 Thread 0x00000000168c9000 Uncommon trap: trap_request=0xfffffff4 fr.pc=0x00000000029c81a8
Event: 4.744 Thread 0x00000000168c9000 DEOPT PACKING pc=0x00000000029c81a8 sp=0x0000000016e4e360
Event: 4.744 Thread 0x00000000168c9000 DEOPT UNPACKING pc=0x000000000275582a sp=0x0000000016e4e2e8 mode 2
Event: 4.775 Thread 0x000000001698d000 Thread exited: 0x000000001698d000
Event: 4.935 Executing VM operation: EnableBiasedLocking
Event: 5.424 Executing VM operation: EnableBiasedLocking done
Event: 5.426 Thread 0x00000000169d0800 Uncommon trap: trap_request=0xffffffc6 fr.pc=0x00000000029ca1a8
Event: 5.426 Thread 0x00000000169d0800 DEOPT PACKING pc=0x00000000029ca1a8 sp=0x000000001724e820
Event: 5.426 Thread 0x00000000169d0800 DEOPT UNPACKING pc=0x000000000275582a sp=0x000000001724e7a0 mode 2


Dynamic libraries:
0x00007ff7626f0000 - 0x00007ff762727000 	C:\Program Files\Java\jdk1.8.0_74\bin\java.exe
0x00007ffc94360000 - 0x00007ffc94531000 	C:\WINDOWS\SYSTEM32\ntdll.dll
0x00007ffc92960000 - 0x00007ffc92a0c000 	C:\WINDOWS\System32\KERNEL32.DLL
0x00007ffc90aa0000 - 0x00007ffc90cbd000 	C:\WINDOWS\System32\KERNELBASE.dll
0x00007ffc91ca0000 - 0x00007ffc91d42000 	C:\WINDOWS\System32\ADVAPI32.dll
0x00007ffc92520000 - 0x00007ffc925be000 	C:\WINDOWS\System32\msvcrt.dll
0x00007ffc92900000 - 0x00007ffc92959000 	C:\WINDOWS\System32\sechost.dll
0x00007ffc92c40000 - 0x00007ffc92d61000 	C:\WINDOWS\System32\RPCRT4.dll
0x00007ffc925c0000 - 0x00007ffc92725000 	C:\WINDOWS\System32\USER32.dll
0x00007ffc910f0000 - 0x00007ffc9110e000 	C:\WINDOWS\System32\win32u.dll
0x00007ffc91b60000 - 0x00007ffc91b94000 	C:\WINDOWS\System32\GDI32.dll
0x00007ffc90910000 - 0x00007ffc90a92000 	C:\WINDOWS\System32\gdi32full.dll
0x00007ffc85820000 - 0x00007ffc85a9a000 	C:\WINDOWS\WinSxS\amd64_microsoft.windows.common-controls_6595b64144ccf1df_6.0.14393.953_none_42151e83c686086b\COMCTL32.dll
0x00007ffc92250000 - 0x00007ffc92518000 	C:\WINDOWS\System32\combase.dll
0x00007ffc917f0000 - 0x00007ffc918e5000 	C:\WINDOWS\System32\ucrtbase.dll
0x00007ffc908a0000 - 0x00007ffc9090a000 	C:\WINDOWS\System32\bcryptPrimitives.dll
0x00007ffc92a10000 - 0x00007ffc92a3e000 	C:\WINDOWS\System32\IMM32.DLL
0x000000005bd40000 - 0x000000005be12000 	C:\Program Files\Java\jdk1.8.0_74\jre\bin\msvcr100.dll
0x000000005b4b0000 - 0x000000005bd40000 	C:\Program Files\Java\jdk1.8.0_74\jre\bin\server\jvm.dll
0x00007ffc91a10000 - 0x00007ffc91a18000 	C:\WINDOWS\System32\PSAPI.DLL
0x00007ffc7eb50000 - 0x00007ffc7eb59000 	C:\WINDOWS\SYSTEM32\WSOCK32.dll
0x00007ffc92730000 - 0x00007ffc9279a000 	C:\WINDOWS\System32\WS2_32.dll
0x00007ffc8e6d0000 - 0x00007ffc8e6f3000 	C:\WINDOWS\SYSTEM32\WINMM.dll
0x00007ffc80640000 - 0x00007ffc8064a000 	C:\WINDOWS\SYSTEM32\VERSION.dll
0x00007ffc8e6a0000 - 0x00007ffc8e6cb000 	C:\WINDOWS\SYSTEM32\WINMMBASE.dll
0x00007ffc90850000 - 0x00007ffc90892000 	C:\WINDOWS\System32\cfgmgr32.dll
0x000000005b4a0000 - 0x000000005b4af000 	C:\Program Files\Java\jdk1.8.0_74\jre\bin\verify.dll
0x000000005b470000 - 0x000000005b499000 	C:\Program Files\Java\jdk1.8.0_74\jre\bin\java.dll
0x000000005b450000 - 0x000000005b466000 	C:\Program Files\Java\jdk1.8.0_74\jre\bin\zip.dll
0x00007ffc92e40000 - 0x00007ffc94348000 	C:\WINDOWS\System32\SHELL32.dll
0x00007ffc91110000 - 0x00007ffc917ea000 	C:\WINDOWS\System32\windows.storage.dll
0x00007ffc90800000 - 0x00007ffc9084c000 	C:\WINDOWS\System32\powrprof.dll
0x00007ffc92be0000 - 0x00007ffc92c32000 	C:\WINDOWS\System32\shlwapi.dll
0x00007ffc907f0000 - 0x00007ffc907ff000 	C:\WINDOWS\System32\kernel.appcore.dll
0x00007ffc90fe0000 - 0x00007ffc91089000 	C:\WINDOWS\System32\shcore.dll
0x00007ffc907d0000 - 0x00007ffc907e4000 	C:\WINDOWS\System32\profapi.dll

VM Arguments:
jvm_args: -Djava.awt.headless=true -Xmx1024M -Dfile.encoding=windows-1250 -Duser.country=US -Duser.language=en -Duser.variant 
java_command: com.android.dx.command.Main --dex --force-jumbo --num-threads=4 --multi-dex --output C:\Users\tinen\Desktop\Fax\RVIR\Projekt\NavigationDrawer\NavigationDrawer\app\build\intermediates\transforms\dex\debug\folders\1000\10\com.android.support-support-vector-drawable-23.2.0_347753662210d76667ed7d51ba8bd68cf8d49f81 C:\Users\tinen\Desktop\Fax\RVIR\Projekt\NavigationDrawer\NavigationDrawer\app\build\intermediates\exploded-aar\com.android.support\support-vector-drawable\23.2.0\jars\classes.jar
java_class_path (initial): C:\Users\tinen\AppData\Local\Android\sdk\build-tools\23.0.2\lib\dx.jar
Launcher Type: SUN_STANDARD

Environment Variables:
PATH=C:\Program Files\Microsoft MPI\Bin\;C:\oraclexe\app\oracle\product\11.2.0\server\bin;C:\Program Files (x86)\Intel\iCLS Client\;C:\Program Files\Intel\iCLS Client\;C:\ProgramData\Oracle\Java\javapath;C:\WINDOWS\system32;C:\WINDOWS;C:\WINDOWS\System32\Wbem;C:\WINDOWS\System32\WindowsPowerShell\v1.0\;C:\Program Files (x86)\AMD\ATI.ACE\Core-Static;C:\Program Files (x86)\Intel\Intel(R) Management Engine Components\DAL;C:\Program Files\Intel\Intel(R) Management Engine Components\DAL;C:\Program Files (x86)\Intel\Intel(R) Management Engine Components\IPT;C:\Program Files\Intel\Intel(R) Management Engine Components\IPT;C:\Program Files\Java\jdk1.8.0_74\bin;C:\Program Files\Java\jre1.8.0_74\bin;C:\Program Files\TortoiseSVN\bin;C:\Program Files\VisualSVN Server\bin;C:\Users\tinen\.dnx\bin;C:\Program Files\Microsoft DNX\Dnvm\;C:\Program Files (x86)\Microsoft SQL Server\130\Tools\Binn\;C:\Program Files\Microsoft SQL Server\130\Tools\Binn\;C:\Program Files (x86)\Microsoft SQL Server\130\DTS\Binn\;C:\Program Files\Microsoft SQL Server\130\DTS\Binn\;C:\Program Files\Microsoft SQL Server\Client SDK\ODBC\130\Tools\Binn\;C:\Program Files (x86)\Microsoft SQL Server\Client SDK\ODBC\130\Tools\Binn\;C:\Program Files (x86)\Microsoft SQL Server\130\Tools\Binn\ManagementStudio\;C:\Program Files (x86)\Skype\Phone\;C:\Users\tinen\AppData\Local\Microsoft\WindowsApps
USERNAME=Shibby
OS=Windows_NT
PROCESSOR_IDENTIFIER=Intel64 Family 6 Model 60 Stepping 3, GenuineIntel



---------------  S Y S T E M  ---------------

OS: Windows 10.0 , 64 bit Build 14393 (10.0.14393.1198)

CPU:total 4 (2 cores per cpu, 2 threads per core) family 6 model 60 stepping 3, cmov, cx8, fxsr, mmx, sse, sse2, sse3, ssse3, sse4.1, sse4.2, popcnt, avx, avx2, aes, clmul, erms, lzcnt, ht, tsc, tscinvbit, bmi1, bmi2

Memory: 4k page, physical 8266860k(1410828k free), swap 12237192k(5416k free)

vm_info: Java HotSpot(TM) 64-Bit Server VM (25.74-b02) for windows-amd64 JRE (1.8.0_74-b02), built on Jan 29 2016 17:42:36 by "java_re" with MS VC++ 10.0 (VS2010)

time: Sat May 13 12:34:33 2017
elapsed time: 5 seconds (0d 0h 0m 5s)

