#
# There is insufficient memory for the Java Runtime Environment to continue.
# Native memory allocation (malloc) failed to allocate 1106896 bytes for Chunk::new
# Possible reasons:
#   The system is out of physical RAM or swap space
#   In 32 bit mode, the process size limit was hit
# Possible solutions:
#   Reduce memory load on the system
#   Increase physical memory or swap space
#   Check if swap backing store is full
#   Use 64 bit Java on a 64 bit OS
#   Decrease Java heap size (-Xmx/-Xms)
#   Decrease number of Java threads
#   Decrease Java thread stack sizes (-Xss)
#   Set larger code cache with -XX:ReservedCodeCacheSize=
# This output file may be truncated or incomplete.
#
#  Out of Memory Error (allocation.cpp:390), pid=11552, tid=1436
#
# JRE version: Java(TM) SE Runtime Environment (8.0_74-b02) (build 1.8.0_74-b02)
# Java VM: Java HotSpot(TM) 64-Bit Server VM (25.74-b02 mixed mode windows-amd64 compressed oops)
# Failed to write core dump. Minidumps are not enabled by default on client versions of Windows
#

---------------  T H R E A D  ---------------

Current thread (0x0000000014bcf800):  JavaThread "C2 CompilerThread0" daemon [_thread_in_native, id=1436, stack(0x0000000016220000,0x0000000016320000)]

Stack: [0x0000000016220000,0x0000000016320000]
[error occurred during error reporting (printing stack bounds), id 0xc0000005]

Native frames: (J=compiled Java code, j=interpreted, Vv=VM code, C=native code)


Current CompileTask:
C2:  22056 2255       4       com.android.dx.dex.code.OutputFinisher::addConstants (93 bytes)


---------------  P R O C E S S  ---------------

Java Threads: ( => current thread )
  0x0000000016793800 JavaThread "pool-1-thread-1" [_thread_in_Java, id=3408, stack(0x00000000197c0000,0x00000000198c0000)]
  0x0000000014c2e000 JavaThread "Service Thread" daemon [_thread_blocked, id=9900, stack(0x0000000016920000,0x0000000016a20000)]
  0x0000000014c2b800 JavaThread "C1 CompilerThread2" daemon [_thread_blocked, id=7912, stack(0x0000000016420000,0x0000000016520000)]
  0x0000000014bd3000 JavaThread "C2 CompilerThread1" daemon [_thread_in_native, id=1824, stack(0x0000000016320000,0x0000000016420000)]
=>0x0000000014bcf800 JavaThread "C2 CompilerThread0" daemon [_thread_in_native, id=1436, stack(0x0000000016220000,0x0000000016320000)]
  0x0000000014bcd800 JavaThread "Attach Listener" daemon [_thread_blocked, id=3328, stack(0x0000000016120000,0x0000000016220000)]
  0x00000000024fe800 JavaThread "Signal Dispatcher" daemon [_thread_blocked, id=3432, stack(0x0000000016020000,0x0000000016120000)]
  0x0000000014bba000 JavaThread "Finalizer" daemon [_thread_blocked, id=11772, stack(0x0000000015e30000,0x0000000015f30000)]
  0x00000000024f0000 JavaThread "Reference Handler" daemon [_thread_blocked, id=9896, stack(0x0000000015d30000,0x0000000015e30000)]
  0x000000000226d800 JavaThread "main" [_thread_blocked, id=1248, stack(0x0000000002300000,0x0000000002400000)]

Other Threads:
  0x0000000014b97800 VMThread [stack: 0x0000000015c30000,0x0000000015d30000] [id=424]
  0x0000000016527800 WatcherThread [stack: 0x0000000016a20000,0x0000000016b20000] [id=13200]

VM state:synchronizing (normal execution)

VM Mutex/Monitor currently owned by a thread:  ([mutex/lock_event])
[0x000000000226d320] Safepoint_lock - owner thread: 0x0000000014b97800
[0x000000000226cfa0] Threads_lock - owner thread: 0x0000000014b97800

Heap:
 PSYoungGen      total 138240K, used 60236K [0x00000000eab00000, 0x00000000f3700000, 0x0000000100000000)
  eden space 133120K, 45% used [0x00000000eab00000,0x00000000ee5d3348,0x00000000f2d00000)
  from space 5120K, 0% used [0x00000000f3200000,0x00000000f3200000,0x00000000f3700000)
  to   space 5120K, 0% used [0x00000000f2d00000,0x00000000f2d00000,0x00000000f3200000)
 ParOldGen       total 152576K, used 67049K [0x00000000c0000000, 0x00000000c9500000, 0x00000000eab00000)
  object space 152576K, 43% used [0x00000000c0000000,0x00000000c417a5a0,0x00000000c9500000)
 Metaspace       used 6824K, capacity 7480K, committed 7680K, reserved 1056768K
  class space    used 643K, capacity 688K, committed 768K, reserved 1048576K

Card table byte_map: [0x00000000118c0000,0x0000000011ad0000] byte_map_base: 0x00000000112c0000

Marking Bits: (ParMarkBitMap*) 0x000000005bcc0600
 Begin Bits: [0x0000000012030000, 0x0000000013030000)
 End Bits:   [0x0000000013030000, 0x0000000014030000)

Polling page: 0x0000000000730000

CodeCache: size=245760Kb used=10304Kb max_used=10304Kb free=235455Kb
 bounds [0x0000000002500000, 0x0000000002f20000, 0x0000000011500000]
 total_blobs=2621 nmethods=2351 adapters=182
 compilation: enabled

Compilation events (10 events):
Event: 21.983 Thread 0x0000000014c2b800 2453       3       com.android.dx.dex.code.LocalList::make (102 bytes)
Event: 21.984 Thread 0x0000000014c2b800 nmethod 2453 0x0000000002f13b90 code [0x0000000002f13de0, 0x0000000002f14dc8]
Event: 21.986 Thread 0x0000000014c2b800 2454       2       com.android.dx.dex.code.InsnFormat::signedFitsInByte (12 bytes)
Event: 21.986 Thread 0x0000000014c2b800 nmethod 2454 0x0000000002f15390 code [0x0000000002f154e0, 0x0000000002f15630]
Event: 21.987 Thread 0x0000000014c2b800 2455 %     3       com.android.dx.dex.code.OutputFinisher::massageInstructions @ 17 (89 bytes)
Event: 21.988 Thread 0x0000000014c2b800 nmethod 2455% 0x0000000002f156d0 code [0x0000000002f15920, 0x0000000002f16638]
Event: 21.988 Thread 0x0000000014c2b800 2456       3       com.android.dx.dex.code.OutputFinisher::massageInstructions (89 bytes)
Event: 21.994 Thread 0x0000000014c2b800 nmethod 2456 0x0000000002f16f90 code [0x0000000002f171c0, 0x0000000002f17e18]
Event: 21.996 Thread 0x0000000014c2b800 2457       2       com.android.dx.dex.code.form.Form21t::isCompatible (58 bytes)
Event: 21.997 Thread 0x0000000014c2b800 nmethod 2457 0x0000000002f186d0 code [0x0000000002f18880, 0x0000000002f18d08]

GC Heap History (10 events):
Event: 7.059 GC heap before
{Heap before GC invocations=3 (full 0):
 PSYoungGen      total 71680K, used 71661K [0x00000000eab00000, 0x00000000ef600000, 0x0000000100000000)
  eden space 66560K, 100% used [0x00000000eab00000,0x00000000eec00000,0x00000000eec00000)
  from space 5120K, 99% used [0x00000000ef100000,0x00000000ef5fb478,0x00000000ef600000)
  to   space 5120K, 0% used [0x00000000eec00000,0x00000000eec00000,0x00000000ef100000)
 ParOldGen       total 87552K, used 3852K [0x00000000c0000000, 0x00000000c5580000, 0x00000000eab00000)
  object space 87552K, 4% used [0x00000000c0000000,0x00000000c03c3370,0x00000000c5580000)
 Metaspace       used 6255K, capacity 7090K, committed 7296K, reserved 1056768K
  class space    used 605K, capacity 618K, committed 640K, reserved 1048576K
Event: 7.156 GC heap after
Heap after GC invocations=3 (full 0):
 PSYoungGen      total 71680K, used 5106K [0x00000000eab00000, 0x00000000f3700000, 0x0000000100000000)
  eden space 66560K, 0% used [0x00000000eab00000,0x00000000eab00000,0x00000000eec00000)
  from space 5120K, 99% used [0x00000000eec00000,0x00000000ef0fc868,0x00000000ef100000)
  to   space 5120K, 0% used [0x00000000f3200000,0x00000000f3200000,0x00000000f3700000)
 ParOldGen       total 87552K, used 13472K [0x00000000c0000000, 0x00000000c5580000, 0x00000000eab00000)
  object space 87552K, 15% used [0x00000000c0000000,0x00000000c0d280c8,0x00000000c5580000)
 Metaspace       used 6255K, capacity 7090K, committed 7296K, reserved 1056768K
  class space    used 605K, capacity 618K, committed 640K, reserved 1048576K
}
Event: 8.329 GC heap before
{Heap before GC invocations=4 (full 0):
 PSYoungGen      total 71680K, used 71666K [0x00000000eab00000, 0x00000000f3700000, 0x0000000100000000)
  eden space 66560K, 100% used [0x00000000eab00000,0x00000000eec00000,0x00000000eec00000)
  from space 5120K, 99% used [0x00000000eec00000,0x00000000ef0fc868,0x00000000ef100000)
  to   space 5120K, 0% used [0x00000000f3200000,0x00000000f3200000,0x00000000f3700000)
 ParOldGen       total 87552K, used 13472K [0x00000000c0000000, 0x00000000c5580000, 0x00000000eab00000)
  object space 87552K, 15% used [0x00000000c0000000,0x00000000c0d280c8,0x00000000c5580000)
 Metaspace       used 6351K, capacity 7154K, committed 7296K, reserved 1056768K
  class space    used 605K, capacity 618K, committed 640K, reserved 1048576K
Event: 8.399 GC heap after
Heap after GC invocations=4 (full 0):
 PSYoungGen      total 138240K, used 5103K [0x00000000eab00000, 0x00000000f3700000, 0x0000000100000000)
  eden space 133120K, 0% used [0x00000000eab00000,0x00000000eab00000,0x00000000f2d00000)
  from space 5120K, 99% used [0x00000000f3200000,0x00000000f36fbda8,0x00000000f3700000)
  to   space 5120K, 0% used [0x00000000f2d00000,0x00000000f2d00000,0x00000000f3200000)
 ParOldGen       total 87552K, used 24111K [0x00000000c0000000, 0x00000000c5580000, 0x00000000eab00000)
  object space 87552K, 27% used [0x00000000c0000000,0x00000000c178be58,0x00000000c5580000)
 Metaspace       used 6351K, capacity 7154K, committed 7296K, reserved 1056768K
  class space    used 605K, capacity 618K, committed 640K, reserved 1048576K
}
Event: 10.175 GC heap before
{Heap before GC invocations=5 (full 0):
 PSYoungGen      total 138240K, used 138223K [0x00000000eab00000, 0x00000000f3700000, 0x0000000100000000)
  eden space 133120K, 100% used [0x00000000eab00000,0x00000000f2d00000,0x00000000f2d00000)
  from space 5120K, 99% used [0x00000000f3200000,0x00000000f36fbda8,0x00000000f3700000)
  to   space 5120K, 0% used [0x00000000f2d00000,0x00000000f2d00000,0x00000000f3200000)
 ParOldGen       total 87552K, used 24111K [0x00000000c0000000, 0x00000000c5580000, 0x00000000eab00000)
  object space 87552K, 27% used [0x00000000c0000000,0x00000000c178be58,0x00000000c5580000)
 Metaspace       used 6530K, capacity 7256K, committed 7424K, reserved 1056768K
  class space    used 624K, capacity 656K, committed 768K, reserved 1048576K
Event: 10.357 GC heap after
Heap after GC invocations=5 (full 0):
 PSYoungGen      total 138240K, used 5098K [0x00000000eab00000, 0x00000000f3700000, 0x0000000100000000)
  eden space 133120K, 0% used [0x00000000eab00000,0x00000000eab00000,0x00000000f2d00000)
  from space 5120K, 99% used [0x00000000f2d00000,0x00000000f31fa958,0x00000000f3200000)
  to   space 5120K, 0% used [0x00000000f3200000,0x00000000f3200000,0x00000000f3700000)
 ParOldGen       total 87552K, used 45230K [0x00000000c0000000, 0x00000000c5580000, 0x00000000eab00000)
  object space 87552K, 51% used [0x00000000c0000000,0x00000000c2c2bb78,0x00000000c5580000)
 Metaspace       used 6530K, capacity 7256K, committed 7424K, reserved 1056768K
  class space    used 624K, capacity 656K, committed 768K, reserved 1048576K
}
Event: 13.600 GC heap before
{Heap before GC invocations=6 (full 0):
 PSYoungGen      total 138240K, used 138218K [0x00000000eab00000, 0x00000000f3700000, 0x0000000100000000)
  eden space 133120K, 100% used [0x00000000eab00000,0x00000000f2d00000,0x00000000f2d00000)
  from space 5120K, 99% used [0x00000000f2d00000,0x00000000f31fa958,0x00000000f3200000)
  to   space 5120K, 0% used [0x00000000f3200000,0x00000000f3200000,0x00000000f3700000)
 ParOldGen       total 87552K, used 45230K [0x00000000c0000000, 0x00000000c5580000, 0x00000000eab00000)
  object space 87552K, 51% used [0x00000000c0000000,0x00000000c2c2bb78,0x00000000c5580000)
 Metaspace       used 6541K, capacity 7256K, committed 7424K, reserved 1056768K
  class space    used 624K, capacity 656K, committed 768K, reserved 1048576K
Event: 14.249 GC heap after
Heap after GC invocations=6 (full 0):
 PSYoungGen      total 138240K, used 5088K [0x00000000eab00000, 0x00000000f3700000, 0x0000000100000000)
  eden space 133120K, 0% used [0x00000000eab00000,0x00000000eab00000,0x00000000f2d00000)
  from space 5120K, 99% used [0x00000000f3200000,0x00000000f36f8150,0x00000000f3700000)
  to   space 5120K, 0% used [0x00000000f2d00000,0x00000000f2d00000,0x00000000f3200000)
 ParOldGen       total 87552K, used 65200K [0x00000000c0000000, 0x00000000c5580000, 0x00000000eab00000)
  object space 87552K, 74% used [0x00000000c0000000,0x00000000c3fac1a8,0x00000000c5580000)
 Metaspace       used 6541K, capacity 7256K, committed 7424K, reserved 1056768K
  class space    used 624K, capacity 656K, committed 768K, reserved 1048576K
}
Event: 14.249 GC heap before
{Heap before GC invocations=7 (full 1):
 PSYoungGen      total 138240K, used 5088K [0x00000000eab00000, 0x00000000f3700000, 0x0000000100000000)
  eden space 133120K, 0% used [0x00000000eab00000,0x00000000eab00000,0x00000000f2d00000)
  from space 5120K, 99% used [0x00000000f3200000,0x00000000f36f8150,0x00000000f3700000)
  to   space 5120K, 0% used [0x00000000f2d00000,0x00000000f2d00000,0x00000000f3200000)
 ParOldGen       total 87552K, used 65200K [0x00000000c0000000, 0x00000000c5580000, 0x00000000eab00000)
  object space 87552K, 74% used [0x00000000c0000000,0x00000000c3fac1a8,0x00000000c5580000)
 Metaspace       used 6541K, capacity 7256K, committed 7424K, reserved 1056768K
  class space    used 624K, capacity 656K, committed 768K, reserved 1048576K
Event: 18.891 GC heap after
Heap after GC invocations=7 (full 1):
 PSYoungGen      total 138240K, used 0K [0x00000000eab00000, 0x00000000f3700000, 0x0000000100000000)
  eden space 133120K, 0% used [0x00000000eab00000,0x00000000eab00000,0x00000000f2d00000)
  from space 5120K, 0% used [0x00000000f3200000,0x00000000f3200000,0x00000000f3700000)
  to   space 5120K, 0% used [0x00000000f2d00000,0x00000000f2d00000,0x00000000f3200000)
 ParOldGen       total 152576K, used 67049K [0x00000000c0000000, 0x00000000c9500000, 0x00000000eab00000)
  object space 152576K, 43% used [0x00000000c0000000,0x00000000c417a5a0,0x00000000c9500000)
 Metaspace       used 6541K, capacity 7256K, committed 7424K, reserved 1056768K
  class space    used 624K, capacity 656K, committed 768K, reserved 1048576K
}

Deoptimization events (10 events):
Event: 20.003 Thread 0x0000000016793800 Uncommon trap: reason=class_check action=maybe_recompile pc=0x0000000002a59428 method=java.util.Arrays.hashCode([Ljava/lang/Object;)I @ 43
Event: 20.040 Thread 0x0000000016793800 Uncommon trap: reason=class_check action=maybe_recompile pc=0x00000000029f30c4 method=java.util.HashMap.putVal(ILjava/lang/Object;Ljava/lang/Object;ZZ)Ljava/lang/Object; @ 203
Event: 21.655 Thread 0x0000000016793800 Uncommon trap: reason=speculate_class_check action=maybe_recompile pc=0x00000000028d1ac0 method=com.android.dx.util.FixedSizeList.equals(Ljava/lang/Object;)Z @ 25
Event: 21.655 Thread 0x0000000016793800 Uncommon trap: reason=class_check action=maybe_recompile pc=0x00000000028d0a44 method=java.util.Arrays.equals([Ljava/lang/Object;[Ljava/lang/Object;)Z @ 62
Event: 21.655 Thread 0x0000000016793800 Uncommon trap: reason=speculate_class_check action=maybe_recompile pc=0x00000000028d1ac0 method=com.android.dx.util.FixedSizeList.equals(Ljava/lang/Object;)Z @ 25
Event: 21.655 Thread 0x0000000016793800 Uncommon trap: reason=class_check action=maybe_recompile pc=0x00000000028d0a44 method=java.util.Arrays.equals([Ljava/lang/Object;[Ljava/lang/Object;)Z @ 62
Event: 21.655 Thread 0x0000000016793800 Uncommon trap: reason=speculate_class_check action=maybe_recompile pc=0x00000000028d1ac0 method=com.android.dx.util.FixedSizeList.equals(Ljava/lang/Object;)Z @ 25
Event: 21.655 Thread 0x0000000016793800 Uncommon trap: reason=unstable_if action=reinterpret pc=0x00000000028d0a1c method=java.util.Arrays.equals([Ljava/lang/Object;[Ljava/lang/Object;)Z @ 23
Event: 21.656 Thread 0x0000000016793800 Uncommon trap: reason=speculate_class_check action=maybe_recompile pc=0x00000000028d1ac0 method=com.android.dx.util.FixedSizeList.equals(Ljava/lang/Object;)Z @ 25
Event: 21.656 Thread 0x0000000016793800 Uncommon trap: reason=unstable_if action=reinterpret pc=0x0000000002d4e2ac method=java.util.TreeMap.put(Ljava/lang/Object;Ljava/lang/Object;)Ljava/lang/Object; @ 163

Internal exceptions (8 events):
Event: 0.220 Thread 0x000000000226d800 Exception <a 'java/lang/NoSuchMethodError': Method sun.misc.Unsafe.defineClass(Ljava/lang/String;[BII)Ljava/lang/Class; name or signature does not match> (0x00000000eab07cc0) thrown at [C:\re\workspace\8-2-build-windows-amd64-cygwin\jdk8u74\6087\hotspot\sr‹ê†C.Ã?
Event: 0.220 Thread 0x000000000226d800 Exception <a 'java/lang/NoSuchMethodError': Method sun.misc.Unsafe.prefetchRead(Ljava/lang/Object;J)V name or signature does not match> (0x00000000eab07fa8) thrown at [C:\re\workspace\8-2-build-windows-amd64-cygwin\jdk8u74\6087\hotspot\src\share\vm\prims\j4˚ôú@
Event: 3.076 Thread 0x000000000226d800 Implicit null exception at 0x0000000002885ca2 to 0x0000000002885da9
Event: 8.062 Thread 0x0000000016791000 Implicit null exception at 0x0000000002c781e8 to 0x0000000002c7cf51
Event: 8.513 Thread 0x000000000226d800 Implicit null exception at 0x0000000002b3eef8 to 0x0000000002b40741
Event: 9.213 Thread 0x0000000016791000 Exception <a 'java/lang/ArrayIndexOutOfBoundsException': 18> (0x00000000efc5b960) thrown at [C:\re\workspace\8-2-build-windows-amd64-cygwin\jdk8u74\6087\hotspot\src\share\vm\interpreter\interpreterRuntime.cpp, line 366]
Event: 9.213 Thread 0x0000000016791000 Exception <a 'java/lang/ArrayIndexOutOfBoundsException': 145> (0x00000000efc5d4e0) thrown at [C:\re\workspace\8-2-build-windows-amd64-cygwin\jdk8u74\6087\hotspot\src\share\vm\interpreter\interpreterRuntime.cpp, line 366]
Event: 9.214 Thread 0x0000000016791000 Exception <a 'java/lang/ArrayIndexOutOfBoundsException'> (0x00000000efc5e7c8) thrown at [C:\re\workspace\8-2-build-windows-amd64-cygwin\jdk8u74\6087\hotspot\src\share\vm\runtime\sharedRuntime.cpp, line 605]

Events (10 events):
Event: 21.975 Thread 0x0000000016793800 DEOPT PACKING pc=0x0000000002ec9cd9 sp=0x00000000198bedf0
Event: 21.975 Thread 0x0000000016793800 DEOPT UNPACKING pc=0x000000000254787f sp=0x00000000198bebb8 mode 0
Event: 21.977 Thread 0x0000000016793800 DEOPT PACKING pc=0x0000000002ec74a3 sp=0x00000000198beef0
Event: 21.978 Thread 0x0000000016793800 DEOPT UNPACKING pc=0x000000000254787f sp=0x00000000198bec70 mode 0
Event: 21.982 Thread 0x0000000016793800 DEOPT PACKING pc=0x0000000002ece09e sp=0x00000000198bee30
Event: 21.982 Thread 0x0000000016793800 DEOPT UNPACKING pc=0x000000000254787f sp=0x00000000198bebb8 mode 0
Event: 21.984 Thread 0x0000000016793800 DEOPT PACKING pc=0x0000000002ec238d sp=0x00000000198beeb0
Event: 21.984 Thread 0x0000000016793800 DEOPT UNPACKING pc=0x000000000254787f sp=0x00000000198bec08 mode 0
Event: 21.994 Thread 0x0000000016793800 DEOPT PACKING pc=0x0000000002ee32d1 sp=0x00000000198bee20
Event: 21.994 Thread 0x0000000016793800 DEOPT UNPACKING pc=0x000000000254787f sp=0x00000000198beba8 mode 0


Dynamic libraries:
0x00007ff7626f0000 - 0x00007ff762727000 	C:\Program Files\Java\jdk1.8.0_74\bin\java.exe
0x00007ffc94360000 - 0x00007ffc94531000 	C:\WINDOWS\SYSTEM32\ntdll.dll
0x00007ffc92960000 - 0x00007ffc92a0c000 	C:\WINDOWS\System32\KERNEL32.DLL
0x00007ffc90aa0000 - 0x00007ffc90cbd000 	C:\WINDOWS\System32\KERNELBASE.dll
0x00007ffc91ca0000 - 0x00007ffc91d42000 	C:\WINDOWS\System32\ADVAPI32.dll
0x00007ffc92520000 - 0x00007ffc925be000 	C:\WINDOWS\System32\msvcrt.dll
0x00007ffc92900000 - 0x00007ffc92959000 	C:\WINDOWS\System32\sechost.dll
0x00007ffc92c40000 - 0x00007ffc92d61000 	C:\WINDOWS\System32\RPCRT4.dll
0x00007ffc925c0000 - 0x00007ffc92725000 	C:\WINDOWS\System32\USER32.dll
0x00007ffc910f0000 - 0x00007ffc9110e000 	C:\WINDOWS\System32\win32u.dll
0x00007ffc91b60000 - 0x00007ffc91b94000 	C:\WINDOWS\System32\GDI32.dll
0x00007ffc90910000 - 0x00007ffc90a92000 	C:\WINDOWS\System32\gdi32full.dll
0x00007ffc85820000 - 0x00007ffc85a9a000 	C:\WINDOWS\WinSxS\amd64_microsoft.windows.common-controls_6595b64144ccf1df_6.0.14393.953_none_42151e83c686086b\COMCTL32.dll
0x00007ffc92250000 - 0x00007ffc92518000 	C:\WINDOWS\System32\combase.dll
0x00007ffc917f0000 - 0x00007ffc918e5000 	C:\WINDOWS\System32\ucrtbase.dll
0x00007ffc908a0000 - 0x00007ffc9090a000 	C:\WINDOWS\System32\bcryptPrimitives.dll
0x00007ffc92a10000 - 0x00007ffc92a3e000 	C:\WINDOWS\System32\IMM32.DLL
0x000000005bd40000 - 0x000000005be12000 	C:\Program Files\Java\jdk1.8.0_74\jre\bin\msvcr100.dll
0x000000005b4b0000 - 0x000000005bd40000 	C:\Program Files\Java\jdk1.8.0_74\jre\bin\server\jvm.dll
0x00007ffc91a10000 - 0x00007ffc91a18000 	C:\WINDOWS\System32\PSAPI.DLL
0x00007ffc7eb50000 - 0x00007ffc7eb59000 	C:\WINDOWS\SYSTEM32\WSOCK32.dll
0x00007ffc92730000 - 0x00007ffc9279a000 	C:\WINDOWS\System32\WS2_32.dll
0x00007ffc8e6d0000 - 0x00007ffc8e6f3000 	C:\WINDOWS\SYSTEM32\WINMM.dll
0x00007ffc80640000 - 0x00007ffc8064a000 	C:\WINDOWS\SYSTEM32\VERSION.dll
0x00007ffc8e6a0000 - 0x00007ffc8e6cb000 	C:\WINDOWS\SYSTEM32\WINMMBASE.dll
0x00007ffc90850000 - 0x00007ffc90892000 	C:\WINDOWS\System32\cfgmgr32.dll
0x000000005b4a0000 - 0x000000005b4af000 	C:\Program Files\Java\jdk1.8.0_74\jre\bin\verify.dll
0x000000005b470000 - 0x000000005b499000 	C:\Program Files\Java\jdk1.8.0_74\jre\bin\java.dll
0x000000005b450000 - 0x000000005b466000 	C:\Program Files\Java\jdk1.8.0_74\jre\bin\zip.dll
0x00007ffc92e40000 - 0x00007ffc94348000 	C:\WINDOWS\System32\SHELL32.dll
0x00007ffc91110000 - 0x00007ffc917ea000 	C:\WINDOWS\System32\windows.storage.dll
0x00007ffc90800000 - 0x00007ffc9084c000 	C:\WINDOWS\System32\powrprof.dll
0x00007ffc92be0000 - 0x00007ffc92c32000 	C:\WINDOWS\System32\shlwapi.dll
0x00007ffc907f0000 - 0x00007ffc907ff000 	C:\WINDOWS\System32\kernel.appcore.dll
0x00007ffc90fe0000 - 0x00007ffc91089000 	C:\WINDOWS\System32\shcore.dll
0x00007ffc907d0000 - 0x00007ffc907e4000 	C:\WINDOWS\System32\profapi.dll

VM Arguments:
jvm_args: -Djava.awt.headless=true -Xmx1024M -Dfile.encoding=windows-1250 -Duser.country=US -Duser.language=en -Duser.variant 
java_command: com.android.dx.command.Main --dex --force-jumbo --num-threads=4 --multi-dex --output C:\Users\tinen\Desktop\Fax\RVIR\Projekt\NavigationDrawer\NavigationDrawer\app\build\intermediates\transforms\dex\debug\folders\1000\10\com.android.support-support-v4-23.2.0_20b392eff6a08e5f5c29615e9bd07cce2ff179a6 C:\Users\tinen\Desktop\Fax\RVIR\Projekt\NavigationDrawer\NavigationDrawer\app\build\intermediates\exploded-aar\com.android.support\support-v4\23.2.0\jars\classes.jar
java_class_path (initial): C:\Users\tinen\AppData\Local\Android\sdk\build-tools\23.0.2\lib\dx.jar
Launcher Type: SUN_STANDARD

Environment Variables:
PATH=C:\Program Files\Microsoft MPI\Bin\;C:\oraclexe\app\oracle\product\11.2.0\server\bin;C:\Program Files (x86)\Intel\iCLS Client\;C:\Program Files\Intel\iCLS Client\;C:\ProgramData\Oracle\Java\javapath;C:\WINDOWS\system32;C:\WINDOWS;C:\WINDOWS\System32\Wbem;C:\WINDOWS\System32\WindowsPowerShell\v1.0\;C:\Program Files (x86)\AMD\ATI.ACE\Core-Static;C:\Program Files (x86)\Intel\Intel(R) Management Engine Components\DAL;C:\Program Files\Intel\Intel(R) Management Engine Components\DAL;C:\Program Files (x86)\Intel\Intel(R) Management Engine Components\IPT;C:\Program Files\Intel\Intel(R) Management Engine Components\IPT;C:\Program Files\Java\jdk1.8.0_74\bin;C:\Program Files\Java\jre1.8.0_74\bin;C:\Program Files\TortoiseSVN\bin;C:\Program Files\VisualSVN Server\bin;C:\Users\tinen\.dnx\bin;C:\Program Files\Microsoft DNX\Dnvm\;C:\Program Files (x86)\Microsoft SQL Server\130\Tools\Binn\;C:\Program Files\Microsoft SQL Server\130\Tools\Binn\;C:\Program Files (x86)\Microsoft SQL Server\130\DTS\Binn\;C:\Program Files\Microsoft SQL Server\130\DTS\Binn\;C:\Program Files\Microsoft SQL Server\Client SDK\ODBC\130\Tools\Binn\;C:\Program Files (x86)\Microsoft SQL Server\Client SDK\ODBC\130\Tools\Binn\;C:\Program Files (x86)\Microsoft SQL Server\130\Tools\Binn\ManagementStudio\;C:\Program Files (x86)\Skype\Phone\;C:\Users\tinen\AppData\Local\Microsoft\WindowsApps
USERNAME=Shibby
OS=Windows_NT
PROCESSOR_IDENTIFIER=Intel64 Family 6 Model 60 Stepping 3, GenuineIntel



---------------  S Y S T E M  ---------------

OS: Windows 10.0 , 64 bit Build 14393 (10.0.14393.1198)

CPU:total 4 (2 cores per cpu, 2 threads per core) family 6 model 60 stepping 3, cmov, cx8, fxsr, mmx, sse, sse2, sse3, ssse3, sse4.1, sse4.2, popcnt, avx, avx2, aes, clmul, erms, lzcnt, ht, tsc, tscinvbit, bmi1, bmi2

Memory: 4k page, physical 8266860k(947660k free), swap 12237192k(6088k free)

vm_info: Java HotSpot(TM) 64-Bit Server VM (25.74-b02) for windows-amd64 JRE (1.8.0_74-b02), built on Jan 29 2016 17:42:36 by "java_re" with MS VC++ 10.0 (VS2010)

time: Sat May 13 12:41:19 2017
elapsed time: 22 seconds (0d 0h 0m 22s)

