#
# There is insufficient memory for the Java Runtime Environment to continue.
# Native memory allocation (malloc) failed to allocate 467216 bytes for Chunk::new
# Possible reasons:
#   The system is out of physical RAM or swap space
#   In 32 bit mode, the process size limit was hit
# Possible solutions:
#   Reduce memory load on the system
#   Increase physical memory or swap space
#   Check if swap backing store is full
#   Use 64 bit Java on a 64 bit OS
#   Decrease Java heap size (-Xmx/-Xms)
#   Decrease number of Java threads
#   Decrease Java thread stack sizes (-Xss)
#   Set larger code cache with -XX:ReservedCodeCacheSize=
# This output file may be truncated or incomplete.
#
#  Out of Memory Error (allocation.cpp:390), pid=1244, tid=13108
#
# JRE version: Java(TM) SE Runtime Environment (8.0_74-b02) (build 1.8.0_74-b02)
# Java VM: Java HotSpot(TM) 64-Bit Server VM (25.74-b02 mixed mode windows-amd64 compressed oops)
# Failed to write core dump. Minidumps are not enabled by default on client versions of Windows
#

---------------  T H R E A D  ---------------

Current thread (0x000000001567f800):  JavaThread "C2 CompilerThread0" daemon [_thread_in_native, id=13108, stack(0x0000000016cd0000,0x0000000016dd0000)]

Stack: [0x0000000016cd0000,0x0000000016dd0000]
[error occurred during error reporting (printing stack bounds), id 0xc0000005]

Native frames: (J=compiled Java code, j=interpreted, Vv=VM code, C=native code)


Current CompileTask:
C2:   2229  621       4       com.android.dx.ssa.NormalSsaInsn::accept (25 bytes)


---------------  P R O C E S S  ---------------

Java Threads: ( => current thread )
  0x0000000017120000 JavaThread "pool-2-thread-4" [_thread_in_Java, id=10288, stack(0x00000000179d0000,0x0000000017ad0000)]
  0x000000001710c000 JavaThread "pool-2-thread-3" [_thread_in_Java, id=2236, stack(0x00000000178d0000,0x00000000179d0000)]
  0x000000001704d000 JavaThread "pool-2-thread-2" [_thread_in_Java, id=12624, stack(0x00000000177d0000,0x00000000178d0000)]
  0x000000001704a800 JavaThread "pool-3-thread-1" [_thread_blocked, id=5272, stack(0x00000000176d0000,0x00000000177d0000)]
  0x0000000017045800 JavaThread "pool-2-thread-1" [_thread_in_Java, id=1564, stack(0x00000000175d0000,0x00000000176d0000)]
  0x0000000016ed6000 JavaThread "Service Thread" daemon [_thread_blocked, id=11592, stack(0x00000000173d0000,0x00000000174d0000)]
  0x0000000016ed0800 JavaThread "C1 CompilerThread2" daemon [_thread_in_vm, id=5276, stack(0x00000000172d0000,0x00000000173d0000)]
  0x0000000015683000 JavaThread "C2 CompilerThread1" daemon [_thread_in_native, id=6704, stack(0x0000000016dd0000,0x0000000016ed0000)]
=>0x000000001567f800 JavaThread "C2 CompilerThread0" daemon [_thread_in_native, id=13108, stack(0x0000000016cd0000,0x0000000016dd0000)]
  0x000000001567d800 JavaThread "Attach Listener" daemon [_thread_blocked, id=5936, stack(0x0000000016bd0000,0x0000000016cd0000)]
  0x0000000002fae800 JavaThread "Signal Dispatcher" daemon [_thread_blocked, id=11996, stack(0x0000000016ad0000,0x0000000016bd0000)]
  0x000000001566a000 JavaThread "Finalizer" daemon [_thread_blocked, id=12572, stack(0x00000000168e0000,0x00000000169e0000)]
  0x0000000002fa0000 JavaThread "Reference Handler" daemon [_thread_blocked, id=11280, stack(0x00000000167e0000,0x00000000168e0000)]
  0x0000000002cad800 JavaThread "main" [_thread_in_vm, id=2752, stack(0x0000000002cb0000,0x0000000002db0000)]

Other Threads:
  0x0000000015647800 VMThread [stack: 0x00000000166e0000,0x00000000167e0000] [id=5820]
  0x0000000016ee2800 WatcherThread [stack: 0x00000000174d0000,0x00000000175d0000] [id=9416]

VM state:not at safepoint (normal execution)

VM Mutex/Monitor currently owned by a thread: None

Heap:
 PSYoungGen      total 38400K, used 12960K [0x00000000eab00000, 0x00000000ed580000, 0x0000000100000000)
  eden space 33280K, 38% used [0x00000000eab00000,0x00000000eb7a8370,0x00000000ecb80000)
  from space 5120K, 0% used [0x00000000ed080000,0x00000000ed080000,0x00000000ed580000)
  to   space 5120K, 0% used [0x00000000ecb80000,0x00000000ecb80000,0x00000000ed080000)
 ParOldGen       total 87552K, used 0K [0x00000000c0000000, 0x00000000c5580000, 0x00000000eab00000)
  object space 87552K, 0% used [0x00000000c0000000,0x00000000c0000000,0x00000000c5580000)
 Metaspace       used 5636K, capacity 6640K, committed 6784K, reserved 1056768K
  class space    used 597K, capacity 616K, committed 640K, reserved 1048576K

Card table byte_map: [0x0000000012370000,0x0000000012580000] byte_map_base: 0x0000000011d70000

Marking Bits: (ParMarkBitMap*) 0x000000005bcc0600
 Begin Bits: [0x0000000012ae0000, 0x0000000013ae0000)
 End Bits:   [0x0000000013ae0000, 0x0000000014ae0000)

Polling page: 0x0000000001460000

CodeCache: size=245760Kb used=2626Kb max_used=2626Kb free=243133Kb
 bounds [0x0000000002fb0000, 0x0000000003250000, 0x0000000011fb0000]
 total_blobs=920 nmethods=651 adapters=182
 compilation: enabled

Compilation events (10 events):
Event: 2.220 Thread 0x0000000016ed0800 nmethod 649 0x0000000003234210 code [0x00000000032344c0, 0x00000000032359f8]
Event: 2.220 Thread 0x0000000016ed0800  650       3       com.android.dx.ssa.SsaMethod::deleteInsns (239 bytes)
Event: 2.223 Thread 0x0000000016ed0800 nmethod 650 0x00000000032364d0 code [0x00000000032368e0, 0x0000000003238e18]
Event: 2.223 Thread 0x0000000016ed0800  651       3       com.android.dx.ssa.SsaBasicBlock::getCountPhiInsns (45 bytes)
Event: 2.224 Thread 0x0000000016ed0800 nmethod 651 0x000000000323a750 code [0x000000000323a920, 0x000000000323aff8]
Event: 2.224 Thread 0x0000000016ed0800  652       3       java.util.ArrayList::subListRangeCheck (110 bytes)
Event: 2.225 Thread 0x0000000016ed0800 nmethod 652 0x000000000323b3d0 code [0x000000000323b700, 0x000000000323d048]
Event: 2.225 Thread 0x0000000016ed0800  661       3       com.android.dx.ssa.MoveParamCombiner$1::visitNonMoveInsn (213 bytes)
Event: 2.227 Thread 0x0000000016ed0800 nmethod 661 0x000000000323dc10 code [0x000000000323dee0, 0x000000000323faa8]
Event: 2.227 Thread 0x0000000016ed0800  653       3       java.util.ArrayList$SubList::size (9 bytes)

GC Heap History (0 events):
No events

Deoptimization events (1 events):
Event: 1.829 Thread 0x0000000002cad800 Uncommon trap: reason=unstable_if action=reinterpret pc=0x00000000031b6dbc method=java.util.HashMap.getNode(ILjava/lang/Object;)Ljava/util/HashMap$Node; @ 62

Internal exceptions (2 events):
Event: 0.224 Thread 0x0000000002cad800 Exception <a 'java/lang/NoSuchMethodError': Method sun.misc.Unsafe.defineClass(Ljava/lang/String;[BII)Ljava/lang/Class; name or signature does not match> (0x00000000eab07cc0) thrown at [C:\re\workspace\8-2-build-windows-amd64-cygwin\jdk8u74\6087\hotspot\sr&„ž·Ì?
Event: 0.224 Thread 0x0000000002cad800 Exception <a 'java/lang/NoSuchMethodError': Method sun.misc.Unsafe.prefetchRead(Ljava/lang/Object;J)V name or signature does not match> (0x00000000eab07fa8) thrown at [C:\re\workspace\8-2-build-windows-amd64-cygwin\jdk8u74\6087\hotspot\src\share\vm\prims\j

Events (10 events):
Event: 2.171 loading class com/android/dx/dex/file/MethodAnnotationStruct done
Event: 2.171 loading class com/android/dx/dex/file/MethodIdItem done
Event: 2.172 loading class com/android/dx/cf/code/BytecodeArray$ConstantParserVisitor
Event: 2.172 loading class com/android/dx/cf/code/BytecodeArray$ConstantParserVisitor done
Event: 2.181 loading class com/android/dx/cf/code/Ropper$ExceptionHandlerSetup
Event: 2.181 loading class com/android/dx/cf/code/Ropper$ExceptionHandlerSetup done
Event: 2.182 loading class java/util/HashMap$Values
Event: 2.183 loading class java/util/HashMap$Values done
Event: 2.183 loading class java/util/HashMap$ValueIterator
Event: 2.183 loading class java/util/HashMap$ValueIterator done


Dynamic libraries:
0x00007ff7626f0000 - 0x00007ff762727000 	C:\Program Files\Java\jdk1.8.0_74\bin\java.exe
0x00007ffc94360000 - 0x00007ffc94531000 	C:\WINDOWS\SYSTEM32\ntdll.dll
0x00007ffc92960000 - 0x00007ffc92a0c000 	C:\WINDOWS\System32\KERNEL32.DLL
0x00007ffc90aa0000 - 0x00007ffc90cbd000 	C:\WINDOWS\System32\KERNELBASE.dll
0x00007ffc91ca0000 - 0x00007ffc91d42000 	C:\WINDOWS\System32\ADVAPI32.dll
0x00007ffc92520000 - 0x00007ffc925be000 	C:\WINDOWS\System32\msvcrt.dll
0x00007ffc92900000 - 0x00007ffc92959000 	C:\WINDOWS\System32\sechost.dll
0x00007ffc92c40000 - 0x00007ffc92d61000 	C:\WINDOWS\System32\RPCRT4.dll
0x00007ffc925c0000 - 0x00007ffc92725000 	C:\WINDOWS\System32\USER32.dll
0x00007ffc910f0000 - 0x00007ffc9110e000 	C:\WINDOWS\System32\win32u.dll
0x00007ffc91b60000 - 0x00007ffc91b94000 	C:\WINDOWS\System32\GDI32.dll
0x00007ffc90910000 - 0x00007ffc90a92000 	C:\WINDOWS\System32\gdi32full.dll
0x00007ffc85820000 - 0x00007ffc85a9a000 	C:\WINDOWS\WinSxS\amd64_microsoft.windows.common-controls_6595b64144ccf1df_6.0.14393.953_none_42151e83c686086b\COMCTL32.dll
0x00007ffc92250000 - 0x00007ffc92518000 	C:\WINDOWS\System32\combase.dll
0x00007ffc917f0000 - 0x00007ffc918e5000 	C:\WINDOWS\System32\ucrtbase.dll
0x00007ffc908a0000 - 0x00007ffc9090a000 	C:\WINDOWS\System32\bcryptPrimitives.dll
0x00007ffc92a10000 - 0x00007ffc92a3e000 	C:\WINDOWS\System32\IMM32.DLL
0x000000005bd40000 - 0x000000005be12000 	C:\Program Files\Java\jdk1.8.0_74\jre\bin\msvcr100.dll
0x000000005b4b0000 - 0x000000005bd40000 	C:\Program Files\Java\jdk1.8.0_74\jre\bin\server\jvm.dll
0x00007ffc91a10000 - 0x00007ffc91a18000 	C:\WINDOWS\System32\PSAPI.DLL
0x00007ffc7eb50000 - 0x00007ffc7eb59000 	C:\WINDOWS\SYSTEM32\WSOCK32.dll
0x00007ffc92730000 - 0x00007ffc9279a000 	C:\WINDOWS\System32\WS2_32.dll
0x00007ffc8e6d0000 - 0x00007ffc8e6f3000 	C:\WINDOWS\SYSTEM32\WINMM.dll
0x00007ffc80640000 - 0x00007ffc8064a000 	C:\WINDOWS\SYSTEM32\VERSION.dll
0x00007ffc8e6a0000 - 0x00007ffc8e6cb000 	C:\WINDOWS\SYSTEM32\WINMMBASE.dll
0x00007ffc90850000 - 0x00007ffc90892000 	C:\WINDOWS\System32\cfgmgr32.dll
0x000000005b4a0000 - 0x000000005b4af000 	C:\Program Files\Java\jdk1.8.0_74\jre\bin\verify.dll
0x000000005b470000 - 0x000000005b499000 	C:\Program Files\Java\jdk1.8.0_74\jre\bin\java.dll
0x000000005b450000 - 0x000000005b466000 	C:\Program Files\Java\jdk1.8.0_74\jre\bin\zip.dll
0x00007ffc92e40000 - 0x00007ffc94348000 	C:\WINDOWS\System32\SHELL32.dll
0x00007ffc91110000 - 0x00007ffc917ea000 	C:\WINDOWS\System32\windows.storage.dll
0x00007ffc90800000 - 0x00007ffc9084c000 	C:\WINDOWS\System32\powrprof.dll
0x00007ffc92be0000 - 0x00007ffc92c32000 	C:\WINDOWS\System32\shlwapi.dll
0x00007ffc907f0000 - 0x00007ffc907ff000 	C:\WINDOWS\System32\kernel.appcore.dll
0x00007ffc90fe0000 - 0x00007ffc91089000 	C:\WINDOWS\System32\shcore.dll
0x00007ffc907d0000 - 0x00007ffc907e4000 	C:\WINDOWS\System32\profapi.dll

VM Arguments:
jvm_args: -Djava.awt.headless=true -Xmx1024M -Dfile.encoding=windows-1250 -Duser.country=US -Duser.language=en -Duser.variant 
java_command: com.android.dx.command.Main --dex --force-jumbo --num-threads=4 --multi-dex --output C:\Users\tinen\Desktop\Fax\RVIR\Projekt\NavigationDrawer\NavigationDrawer\app\build\intermediates\transforms\dex\debug\folders\1000\10\com.android.support-support-vector-drawable-23.2.0_347753662210d76667ed7d51ba8bd68cf8d49f81 C:\Users\tinen\Desktop\Fax\RVIR\Projekt\NavigationDrawer\NavigationDrawer\app\build\intermediates\exploded-aar\com.android.support\support-vector-drawable\23.2.0\jars\classes.jar
java_class_path (initial): C:\Users\tinen\AppData\Local\Android\sdk\build-tools\23.0.2\lib\dx.jar
Launcher Type: SUN_STANDARD

Environment Variables:
PATH=C:\Program Files\Microsoft MPI\Bin\;C:\oraclexe\app\oracle\product\11.2.0\server\bin;C:\Program Files (x86)\Intel\iCLS Client\;C:\Program Files\Intel\iCLS Client\;C:\ProgramData\Oracle\Java\javapath;C:\WINDOWS\system32;C:\WINDOWS;C:\WINDOWS\System32\Wbem;C:\WINDOWS\System32\WindowsPowerShell\v1.0\;C:\Program Files (x86)\AMD\ATI.ACE\Core-Static;C:\Program Files (x86)\Intel\Intel(R) Management Engine Components\DAL;C:\Program Files\Intel\Intel(R) Management Engine Components\DAL;C:\Program Files (x86)\Intel\Intel(R) Management Engine Components\IPT;C:\Program Files\Intel\Intel(R) Management Engine Components\IPT;C:\Program Files\Java\jdk1.8.0_74\bin;C:\Program Files\Java\jre1.8.0_74\bin;C:\Program Files\TortoiseSVN\bin;C:\Program Files\VisualSVN Server\bin;C:\Users\tinen\.dnx\bin;C:\Program Files\Microsoft DNX\Dnvm\;C:\Program Files (x86)\Microsoft SQL Server\130\Tools\Binn\;C:\Program Files\Microsoft SQL Server\130\Tools\Binn\;C:\Program Files (x86)\Microsoft SQL Server\130\DTS\Binn\;C:\Program Files\Microsoft SQL Server\130\DTS\Binn\;C:\Program Files\Microsoft SQL Server\Client SDK\ODBC\130\Tools\Binn\;C:\Program Files (x86)\Microsoft SQL Server\Client SDK\ODBC\130\Tools\Binn\;C:\Program Files (x86)\Microsoft SQL Server\130\Tools\Binn\ManagementStudio\;C:\Program Files (x86)\Skype\Phone\;C:\Users\tinen\AppData\Local\Microsoft\WindowsApps
USERNAME=Shibby
OS=Windows_NT
PROCESSOR_IDENTIFIER=Intel64 Family 6 Model 60 Stepping 3, GenuineIntel



---------------  S Y S T E M  ---------------

OS: Windows 10.0 , 64 bit Build 14393 (10.0.14393.1198)

CPU:total 4 (2 cores per cpu, 2 threads per core) family 6 model 60 stepping 3, cmov, cx8, fxsr, mmx, sse, sse2, sse3, ssse3, sse4.1, sse4.2, popcnt, avx, avx2, aes, clmul, erms, lzcnt, ht, tsc, tscinvbit, bmi1, bmi2

Memory: 4k page, physical 8266860k(1153360k free), swap 12237192k(5428k free)

vm_info: Java HotSpot(TM) 64-Bit Server VM (25.74-b02) for windows-amd64 JRE (1.8.0_74-b02), built on Jan 29 2016 17:42:36 by "java_re" with MS VC++ 10.0 (VS2010)

time: Sat May 13 12:40:59 2017
elapsed time: 2 seconds (0d 0h 0m 2s)

