#
# There is insufficient memory for the Java Runtime Environment to continue.
# Native memory allocation (malloc) failed to allocate 1495296 bytes for Chunk::new
# Possible reasons:
#   The system is out of physical RAM or swap space
#   In 32 bit mode, the process size limit was hit
# Possible solutions:
#   Reduce memory load on the system
#   Increase physical memory or swap space
#   Check if swap backing store is full
#   Use 64 bit Java on a 64 bit OS
#   Decrease Java heap size (-Xmx/-Xms)
#   Decrease number of Java threads
#   Decrease Java thread stack sizes (-Xss)
#   Set larger code cache with -XX:ReservedCodeCacheSize=
# This output file may be truncated or incomplete.
#
#  Out of Memory Error (allocation.cpp:390), pid=9240, tid=6992
#
# JRE version: Java(TM) SE Runtime Environment (8.0_74-b02) (build 1.8.0_74-b02)
# Java VM: Java HotSpot(TM) 64-Bit Server VM (25.74-b02 mixed mode windows-amd64 compressed oops)
# Failed to write core dump. Minidumps are not enabled by default on client versions of Windows
#

---------------  T H R E A D  ---------------

Current thread (0x00000000158a4000):  JavaThread "C2 CompilerThread1" daemon [_thread_in_native, id=6992, stack(0x0000000016f90000,0x0000000017090000)]

Stack: [0x0000000016f90000,0x0000000017090000]
[error occurred during error reporting (printing stack bounds), id 0xc0000005]

Native frames: (J=compiled Java code, j=interpreted, Vv=VM code, C=native code)


Current CompileTask:
C2:   4085 1397   !   4       com.android.dx.cf.code.BytecodeArray::parseInstruction (2764 bytes)


---------------  P R O C E S S  ---------------

Java Threads: ( => current thread )
  0x00000000173c4800 JavaThread "pool-2-thread-4" [_thread_in_Java, id=8900, stack(0x0000000017b90000,0x0000000017c90000)]
  0x00000000173c3800 JavaThread "pool-2-thread-3" [_thread_in_Java, id=8072, stack(0x0000000017a90000,0x0000000017b90000)]
  0x00000000173c2800 JavaThread "pool-2-thread-2" [_thread_in_Java, id=8732, stack(0x0000000017990000,0x0000000017a90000)]
  0x000000001745d800 JavaThread "pool-3-thread-1" [_thread_blocked, id=10068, stack(0x0000000017890000,0x0000000017990000)]
  0x000000001737e000 JavaThread "pool-2-thread-1" [_thread_in_Java, id=6304, stack(0x0000000017790000,0x0000000017890000)]
  0x000000001709a000 JavaThread "Service Thread" daemon [_thread_blocked, id=2628, stack(0x0000000017590000,0x0000000017690000)]
  0x0000000017098800 JavaThread "C1 CompilerThread2" daemon [_thread_blocked, id=4028, stack(0x0000000017490000,0x0000000017590000)]
=>0x00000000158a4000 JavaThread "C2 CompilerThread1" daemon [_thread_in_native, id=6992, stack(0x0000000016f90000,0x0000000017090000)]
  0x000000001584f800 JavaThread "C2 CompilerThread0" daemon [_thread_in_native, id=6768, stack(0x0000000016e90000,0x0000000016f90000)]
  0x000000001584d800 JavaThread "Attach Listener" daemon [_thread_blocked, id=8796, stack(0x0000000016d90000,0x0000000016e90000)]
  0x000000000317e800 JavaThread "Signal Dispatcher" daemon [_thread_blocked, id=1052, stack(0x0000000016c90000,0x0000000016d90000)]
  0x000000001583a000 JavaThread "Finalizer" daemon [_thread_blocked, id=5748, stack(0x0000000016aa0000,0x0000000016ba0000)]
  0x0000000003170000 JavaThread "Reference Handler" daemon [_thread_blocked, id=10156, stack(0x00000000169a0000,0x0000000016aa0000)]
  0x000000000307d800 JavaThread "main" [_thread_in_Java, id=12776, stack(0x0000000002eb0000,0x0000000002fb0000)]

Other Threads:
  0x0000000015817800 VMThread [stack: 0x00000000168a0000,0x00000000169a0000] [id=9748]
  0x00000000170a1000 WatcherThread [stack: 0x0000000017690000,0x0000000017790000] [id=7992]

VM state:not at safepoint (normal execution)

VM Mutex/Monitor currently owned by a thread: None

Heap:
 PSYoungGen      total 38400K, used 15806K [0x00000000eab00000, 0x00000000ed580000, 0x0000000100000000)
  eden space 33280K, 32% used [0x00000000eab00000,0x00000000eb56fe50,0x00000000ecb80000)
  from space 5120K, 99% used [0x00000000ed080000,0x00000000ed57fb30,0x00000000ed580000)
  to   space 5120K, 0% used [0x00000000ecb80000,0x00000000ecb80000,0x00000000ed080000)
 ParOldGen       total 87552K, used 3822K [0x00000000c0000000, 0x00000000c5580000, 0x00000000eab00000)
  object space 87552K, 4% used [0x00000000c0000000,0x00000000c03bba40,0x00000000c5580000)
 Metaspace       used 6205K, capacity 7090K, committed 7296K, reserved 1056768K
  class space    used 603K, capacity 618K, committed 640K, reserved 1048576K

Card table byte_map: [0x0000000012540000,0x0000000012750000] byte_map_base: 0x0000000011f40000

Marking Bits: (ParMarkBitMap*) 0x000000005bcc0600
 Begin Bits: [0x0000000012cb0000, 0x0000000013cb0000)
 End Bits:   [0x0000000013cb0000, 0x0000000014cb0000)

Polling page: 0x00000000013a0000

CodeCache: size=245760Kb used=6139Kb max_used=6139Kb free=239620Kb
 bounds [0x0000000003180000, 0x0000000003790000, 0x0000000012180000]
 total_blobs=1775 nmethods=1505 adapters=182
 compilation: enabled

Compilation events (10 events):
Event: 4.074 Thread 0x0000000017098800 1516       1       com.android.dx.rop.cst.CstKnownNull::getType (4 bytes)
Event: 4.074 Thread 0x0000000017098800 nmethod 1516 0x000000000377e250 code [0x000000000377e3a0, 0x000000000377e4b0]
Event: 4.074 Thread 0x0000000017098800 1518       2       com.android.dx.ssa.back.FirstFitLocalCombiningAllocator::handleCheckCastResults (413 bytes)
Event: 4.078 Thread 0x0000000017098800 nmethod 1518 0x000000000377e510 code [0x000000000377e8e0, 0x000000000377fad8]
Event: 4.078 Thread 0x0000000017098800 1521       2       com.android.dx.cf.code.OneLocalsArray::makeInitialized (55 bytes)
Event: 4.079 Thread 0x0000000017098800 nmethod 1521 0x0000000003781bd0 code [0x0000000003781d60, 0x00000000037820f8]
Event: 4.079 Thread 0x0000000017098800 1515       2       com.android.dx.rop.cst.CstFloat::getType (4 bytes)
Event: 4.079 Thread 0x0000000017098800 nmethod 1515 0x0000000003782410 code [0x0000000003782560, 0x00000000037826b0]
Event: 4.079 Thread 0x0000000017098800 1522       1       com.android.dx.ssa.MoveParamCombiner$1::visitPhiInsn (1 bytes)
Event: 4.079 Thread 0x0000000017098800 nmethod 1522 0x0000000003782750 code [0x00000000037828a0, 0x00000000037829b0]

GC Heap History (4 events):
Event: 2.440 GC heap before
{Heap before GC invocations=1 (full 0):
 PSYoungGen      total 38400K, used 33280K [0x00000000eab00000, 0x00000000ed580000, 0x0000000100000000)
  eden space 33280K, 100% used [0x00000000eab00000,0x00000000ecb80000,0x00000000ecb80000)
  from space 5120K, 0% used [0x00000000ed080000,0x00000000ed080000,0x00000000ed580000)
  to   space 5120K, 0% used [0x00000000ecb80000,0x00000000ecb80000,0x00000000ed080000)
 ParOldGen       total 87552K, used 0K [0x00000000c0000000, 0x00000000c5580000, 0x00000000eab00000)
  object space 87552K, 0% used [0x00000000c0000000,0x00000000c0000000,0x00000000c5580000)
 Metaspace       used 5856K, capacity 6768K, committed 7040K, reserved 1056768K
  class space    used 601K, capacity 616K, committed 640K, reserved 1048576K
Event: 2.448 GC heap after
Heap after GC invocations=1 (full 0):
 PSYoungGen      total 38400K, used 5093K [0x00000000eab00000, 0x00000000ed580000, 0x0000000100000000)
  eden space 33280K, 0% used [0x00000000eab00000,0x00000000eab00000,0x00000000ecb80000)
  from space 5120K, 99% used [0x00000000ecb80000,0x00000000ed079550,0x00000000ed080000)
  to   space 5120K, 0% used [0x00000000ed080000,0x00000000ed080000,0x00000000ed580000)
 ParOldGen       total 87552K, used 323K [0x00000000c0000000, 0x00000000c5580000, 0x00000000eab00000)
  object space 87552K, 0% used [0x00000000c0000000,0x00000000c0050fb0,0x00000000c5580000)
 Metaspace       used 5856K, capacity 6768K, committed 7040K, reserved 1056768K
  class space    used 601K, capacity 616K, committed 640K, reserved 1048576K
}
Event: 3.905 GC heap before
{Heap before GC invocations=2 (full 0):
 PSYoungGen      total 38400K, used 38373K [0x00000000eab00000, 0x00000000ed580000, 0x0000000100000000)
  eden space 33280K, 100% used [0x00000000eab00000,0x00000000ecb80000,0x00000000ecb80000)
  from space 5120K, 99% used [0x00000000ecb80000,0x00000000ed079550,0x00000000ed080000)
  to   space 5120K, 0% used [0x00000000ed080000,0x00000000ed080000,0x00000000ed580000)
 ParOldGen       total 87552K, used 323K [0x00000000c0000000, 0x00000000c5580000, 0x00000000eab00000)
  object space 87552K, 0% used [0x00000000c0000000,0x00000000c0050fb0,0x00000000c5580000)
 Metaspace       used 6191K, capacity 7026K, committed 7296K, reserved 1056768K
  class space    used 603K, capacity 618K, committed 640K, reserved 1048576K
Event: 4.021 GC heap after
Heap after GC invocations=2 (full 0):
 PSYoungGen      total 38400K, used 5118K [0x00000000eab00000, 0x00000000ed580000, 0x0000000100000000)
  eden space 33280K, 0% used [0x00000000eab00000,0x00000000eab00000,0x00000000ecb80000)
  from space 5120K, 99% used [0x00000000ed080000,0x00000000ed57fb30,0x00000000ed580000)
  to   space 5120K, 0% used [0x00000000ecb80000,0x00000000ecb80000,0x00000000ed080000)
 ParOldGen       total 87552K, used 3822K [0x00000000c0000000, 0x00000000c5580000, 0x00000000eab00000)
  object space 87552K, 4% used [0x00000000c0000000,0x00000000c03bba40,0x00000000c5580000)
 Metaspace       used 6191K, capacity 7026K, committed 7296K, reserved 1056768K
  class space    used 603K, capacity 618K, committed 640K, reserved 1048576K
}

Deoptimization events (10 events):
Event: 2.465 Thread 0x00000000173c3800 Uncommon trap: reason=null_check action=make_not_entrant pc=0x00000000034b9b78 method=com.android.dx.rop.type.Type.equals(Ljava/lang/Object;)Z @ 8
Event: 2.512 Thread 0x00000000173c4800 Uncommon trap: reason=class_check action=maybe_recompile pc=0x00000000034bd868 method=com.android.dx.rop.type.Type.equals(Ljava/lang/Object;)Z @ 8
Event: 2.513 Thread 0x00000000173c4800 Uncommon trap: reason=class_check action=maybe_recompile pc=0x00000000034bd868 method=com.android.dx.rop.type.Type.equals(Ljava/lang/Object;)Z @ 8
Event: 2.513 Thread 0x00000000173c4800 Uncommon trap: reason=class_check action=maybe_recompile pc=0x00000000034bd868 method=com.android.dx.rop.type.Type.equals(Ljava/lang/Object;)Z @ 8
Event: 2.521 Thread 0x00000000173c4800 Uncommon trap: reason=class_check action=maybe_recompile pc=0x000000000340870c method=com.android.dx.rop.type.Type.equals(Ljava/lang/Object;)Z @ 8
Event: 2.521 Thread 0x00000000173c4800 Uncommon trap: reason=class_check action=maybe_recompile pc=0x00000000034c5dd0 method=com.android.dx.rop.type.Type.equals(Ljava/lang/Object;)Z @ 8
Event: 3.758 Thread 0x00000000173c2800 Uncommon trap: reason=unstable_if action=reinterpret pc=0x00000000035821dc method=com.android.dx.rop.cst.Constant.compareTo(Lcom/android/dx/rop/cst/Constant;)I @ 12
Event: 3.761 Thread 0x000000000307d800 Uncommon trap: reason=unloaded action=reinterpret pc=0x0000000003564cd4 method=com.android.dx.cf.cst.ConstantPoolParser.parse0(ILjava/util/BitSet;)Lcom/android/dx/rop/cst/Constant; @ 198
Event: 3.798 Thread 0x000000000307d800 Uncommon trap: reason=unstable_if action=reinterpret pc=0x00000000034d8fec method=com.android.dx.rop.code.RegisterSpecSet.put(Lcom/android/dx/rop/code/RegisterSpec;)V @ 77
Event: 4.040 Thread 0x000000000307d800 Uncommon trap: reason=unstable_if action=reinterpret pc=0x00000000036baf8c method=com.android.dx.rop.code.RegisterSpec.equals(ILcom/android/dx/rop/type/TypeBearer;Lcom/android/dx/rop/code/LocalItem;)Z @ 42

Internal exceptions (3 events):
Event: 0.050 Thread 0x000000000307d800 Exception <a 'java/lang/NoSuchMethodError': Method sun.misc.Unsafe.defineClass(Ljava/lang/String;[BII)Ljava/lang/Class; name or signature does not match> (0x00000000eab07cc0) thrown at [C:\re\workspace\8-2-build-windows-amd64-cygwin\jdk8u74\6087\hotspot\sr÷Ïbßaﬁ©?
Event: 0.051 Thread 0x000000000307d800 Exception <a 'java/lang/NoSuchMethodError': Method sun.misc.Unsafe.prefetchRead(Ljava/lang/Object;J)V name or signature does not match> (0x00000000eab07fa8) thrown at [C:\re\workspace\8-2-build-windows-amd64-cygwin\jdk8u74\6087\hotspot\src\share\vm\prims\j1øËÇÓ∑@
Event: 2.465 Thread 0x00000000173c3800 Implicit null exception at 0x00000000034b9a62 to 0x00000000034b9b69

Events (10 events):
Event: 4.066 Thread 0x00000000173c3800 DEOPT PACKING pc=0x00000000034db135 sp=0x0000000017b8e800
Event: 4.066 Thread 0x00000000173c3800 DEOPT UNPACKING pc=0x00000000031c787f sp=0x0000000017b8e568 mode 0
Event: 4.067 Thread 0x00000000173c3800 DEOPT PACKING pc=0x00000000034db135 sp=0x0000000017b8e800
Event: 4.067 Thread 0x00000000173c3800 DEOPT UNPACKING pc=0x00000000031c787f sp=0x0000000017b8e568 mode 0
Event: 4.068 Thread 0x00000000173c3800 DEOPT PACKING pc=0x00000000034db135 sp=0x0000000017b8e800
Event: 4.068 Thread 0x00000000173c3800 DEOPT UNPACKING pc=0x00000000031c787f sp=0x0000000017b8e568 mode 0
Event: 4.068 Thread 0x00000000173c3800 DEOPT PACKING pc=0x00000000034db135 sp=0x0000000017b8e800
Event: 4.068 Thread 0x00000000173c3800 DEOPT UNPACKING pc=0x00000000031c787f sp=0x0000000017b8e568 mode 0
Event: 4.069 Thread 0x00000000173c3800 DEOPT PACKING pc=0x00000000034db135 sp=0x0000000017b8e800
Event: 4.069 Thread 0x00000000173c3800 DEOPT UNPACKING pc=0x00000000031c787f sp=0x0000000017b8e568 mode 0


Dynamic libraries:
0x00007ff7626f0000 - 0x00007ff762727000 	C:\Program Files\Java\jdk1.8.0_74\bin\java.exe
0x00007ffc94360000 - 0x00007ffc94531000 	C:\WINDOWS\SYSTEM32\ntdll.dll
0x00007ffc92960000 - 0x00007ffc92a0c000 	C:\WINDOWS\System32\KERNEL32.DLL
0x00007ffc90aa0000 - 0x00007ffc90cbd000 	C:\WINDOWS\System32\KERNELBASE.dll
0x00007ffc91ca0000 - 0x00007ffc91d42000 	C:\WINDOWS\System32\ADVAPI32.dll
0x00007ffc92520000 - 0x00007ffc925be000 	C:\WINDOWS\System32\msvcrt.dll
0x00007ffc92900000 - 0x00007ffc92959000 	C:\WINDOWS\System32\sechost.dll
0x00007ffc92c40000 - 0x00007ffc92d61000 	C:\WINDOWS\System32\RPCRT4.dll
0x00007ffc925c0000 - 0x00007ffc92725000 	C:\WINDOWS\System32\USER32.dll
0x00007ffc910f0000 - 0x00007ffc9110e000 	C:\WINDOWS\System32\win32u.dll
0x00007ffc91b60000 - 0x00007ffc91b94000 	C:\WINDOWS\System32\GDI32.dll
0x00007ffc90910000 - 0x00007ffc90a92000 	C:\WINDOWS\System32\gdi32full.dll
0x00007ffc85820000 - 0x00007ffc85a9a000 	C:\WINDOWS\WinSxS\amd64_microsoft.windows.common-controls_6595b64144ccf1df_6.0.14393.953_none_42151e83c686086b\COMCTL32.dll
0x00007ffc92250000 - 0x00007ffc92518000 	C:\WINDOWS\System32\combase.dll
0x00007ffc917f0000 - 0x00007ffc918e5000 	C:\WINDOWS\System32\ucrtbase.dll
0x00007ffc908a0000 - 0x00007ffc9090a000 	C:\WINDOWS\System32\bcryptPrimitives.dll
0x00007ffc92a10000 - 0x00007ffc92a3e000 	C:\WINDOWS\System32\IMM32.DLL
0x000000005bd40000 - 0x000000005be12000 	C:\Program Files\Java\jdk1.8.0_74\jre\bin\msvcr100.dll
0x000000005b4b0000 - 0x000000005bd40000 	C:\Program Files\Java\jdk1.8.0_74\jre\bin\server\jvm.dll
0x00007ffc91a10000 - 0x00007ffc91a18000 	C:\WINDOWS\System32\PSAPI.DLL
0x00007ffc7eb50000 - 0x00007ffc7eb59000 	C:\WINDOWS\SYSTEM32\WSOCK32.dll
0x00007ffc92730000 - 0x00007ffc9279a000 	C:\WINDOWS\System32\WS2_32.dll
0x00007ffc8e6d0000 - 0x00007ffc8e6f3000 	C:\WINDOWS\SYSTEM32\WINMM.dll
0x00007ffc80640000 - 0x00007ffc8064a000 	C:\WINDOWS\SYSTEM32\VERSION.dll
0x00007ffc8e6a0000 - 0x00007ffc8e6cb000 	C:\WINDOWS\SYSTEM32\WINMMBASE.dll
0x00007ffc90850000 - 0x00007ffc90892000 	C:\WINDOWS\System32\cfgmgr32.dll
0x000000005b4a0000 - 0x000000005b4af000 	C:\Program Files\Java\jdk1.8.0_74\jre\bin\verify.dll
0x000000005b470000 - 0x000000005b499000 	C:\Program Files\Java\jdk1.8.0_74\jre\bin\java.dll
0x000000005b450000 - 0x000000005b466000 	C:\Program Files\Java\jdk1.8.0_74\jre\bin\zip.dll
0x00007ffc92e40000 - 0x00007ffc94348000 	C:\WINDOWS\System32\SHELL32.dll
0x00007ffc91110000 - 0x00007ffc917ea000 	C:\WINDOWS\System32\windows.storage.dll
0x00007ffc90800000 - 0x00007ffc9084c000 	C:\WINDOWS\System32\powrprof.dll
0x00007ffc92be0000 - 0x00007ffc92c32000 	C:\WINDOWS\System32\shlwapi.dll
0x00007ffc907f0000 - 0x00007ffc907ff000 	C:\WINDOWS\System32\kernel.appcore.dll
0x00007ffc90fe0000 - 0x00007ffc91089000 	C:\WINDOWS\System32\shcore.dll
0x00007ffc907d0000 - 0x00007ffc907e4000 	C:\WINDOWS\System32\profapi.dll

VM Arguments:
jvm_args: -Djava.awt.headless=true -Xmx1024M -Dfile.encoding=windows-1250 -Duser.country=US -Duser.language=en -Duser.variant 
java_command: com.android.dx.command.Main --dex --force-jumbo --num-threads=4 --multi-dex --output C:\Users\tinen\Desktop\Fax\RVIR\Projekt\NavigationDrawer\NavigationDrawer\app\build\intermediates\transforms\dex\debug\folders\1000\10\com.android.support-support-v4-23.2.0_20b392eff6a08e5f5c29615e9bd07cce2ff179a6 C:\Users\tinen\Desktop\Fax\RVIR\Projekt\NavigationDrawer\NavigationDrawer\app\build\intermediates\exploded-aar\com.android.support\support-v4\23.2.0\jars\classes.jar
java_class_path (initial): C:\Users\tinen\AppData\Local\Android\sdk\build-tools\23.0.2\lib\dx.jar
Launcher Type: SUN_STANDARD

Environment Variables:
PATH=C:\Program Files\Microsoft MPI\Bin\;C:\oraclexe\app\oracle\product\11.2.0\server\bin;C:\Program Files (x86)\Intel\iCLS Client\;C:\Program Files\Intel\iCLS Client\;C:\ProgramData\Oracle\Java\javapath;C:\WINDOWS\system32;C:\WINDOWS;C:\WINDOWS\System32\Wbem;C:\WINDOWS\System32\WindowsPowerShell\v1.0\;C:\Program Files (x86)\AMD\ATI.ACE\Core-Static;C:\Program Files (x86)\Intel\Intel(R) Management Engine Components\DAL;C:\Program Files\Intel\Intel(R) Management Engine Components\DAL;C:\Program Files (x86)\Intel\Intel(R) Management Engine Components\IPT;C:\Program Files\Intel\Intel(R) Management Engine Components\IPT;C:\Program Files\Java\jdk1.8.0_74\bin;C:\Program Files\Java\jre1.8.0_74\bin;C:\Program Files\TortoiseSVN\bin;C:\Program Files\VisualSVN Server\bin;C:\Users\tinen\.dnx\bin;C:\Program Files\Microsoft DNX\Dnvm\;C:\Program Files (x86)\Microsoft SQL Server\130\Tools\Binn\;C:\Program Files\Microsoft SQL Server\130\Tools\Binn\;C:\Program Files (x86)\Microsoft SQL Server\130\DTS\Binn\;C:\Program Files\Microsoft SQL Server\130\DTS\Binn\;C:\Program Files\Microsoft SQL Server\Client SDK\ODBC\130\Tools\Binn\;C:\Program Files (x86)\Microsoft SQL Server\Client SDK\ODBC\130\Tools\Binn\;C:\Program Files (x86)\Microsoft SQL Server\130\Tools\Binn\ManagementStudio\;C:\Program Files (x86)\Skype\Phone\;C:\Users\tinen\AppData\Local\Microsoft\WindowsApps
USERNAME=Shibby
OS=Windows_NT
PROCESSOR_IDENTIFIER=Intel64 Family 6 Model 60 Stepping 3, GenuineIntel



---------------  S Y S T E M  ---------------

OS: Windows 10.0 , 64 bit Build 14393 (10.0.14393.1198)

CPU:total 4 (2 cores per cpu, 2 threads per core) family 6 model 60 stepping 3, cmov, cx8, fxsr, mmx, sse, sse2, sse3, ssse3, sse4.1, sse4.2, popcnt, avx, avx2, aes, clmul, erms, lzcnt, ht, tsc, tscinvbit, bmi1, bmi2

Memory: 4k page, physical 8266860k(1159460k free), swap 12237192k(5968k free)

vm_info: Java HotSpot(TM) 64-Bit Server VM (25.74-b02) for windows-amd64 JRE (1.8.0_74-b02), built on Jan 29 2016 17:42:36 by "java_re" with MS VC++ 10.0 (VS2010)

time: Sat May 13 12:38:34 2017
elapsed time: 4 seconds (0d 0h 0m 4s)

