#
# There is insufficient memory for the Java Runtime Environment to continue.
# Native memory allocation (malloc) failed to allocate 1878656 bytes for Chunk::new
# Possible reasons:
#   The system is out of physical RAM or swap space
#   In 32 bit mode, the process size limit was hit
# Possible solutions:
#   Reduce memory load on the system
#   Increase physical memory or swap space
#   Check if swap backing store is full
#   Use 64 bit Java on a 64 bit OS
#   Decrease Java heap size (-Xmx/-Xms)
#   Decrease number of Java threads
#   Decrease Java thread stack sizes (-Xss)
#   Set larger code cache with -XX:ReservedCodeCacheSize=
# This output file may be truncated or incomplete.
#
#  Out of Memory Error (allocation.cpp:390), pid=5880, tid=1436
#
# JRE version: Java(TM) SE Runtime Environment (8.0_74-b02) (build 1.8.0_74-b02)
# Java VM: Java HotSpot(TM) 64-Bit Server VM (25.74-b02 mixed mode windows-amd64 compressed oops)
# Failed to write core dump. Minidumps are not enabled by default on client versions of Windows
#

---------------  T H R E A D  ---------------

Current thread (0x000000001562f800):  JavaThread "C2 CompilerThread0" daemon [_thread_in_native, id=1436, stack(0x0000000016c70000,0x0000000016d70000)]

Stack: [0x0000000016c70000,0x0000000016d70000]
[error occurred during error reporting (printing stack bounds), id 0xc0000005]

Native frames: (J=compiled Java code, j=interpreted, Vv=VM code, C=native code)


Current CompileTask:
C2:   5755 1400   !   4       com.android.dx.cf.cst.ConstantPoolParser::parse0 (731 bytes)


---------------  P R O C E S S  ---------------

Java Threads: ( => current thread )
  0x00000000170ee800 JavaThread "pool-2-thread-4" [_thread_blocked, id=13256, stack(0x0000000017970000,0x0000000017a70000)]
  0x00000000170ed800 JavaThread "pool-2-thread-3" [_thread_blocked, id=13112, stack(0x0000000017870000,0x0000000017970000)]
  0x00000000170ec800 JavaThread "pool-2-thread-2" [_thread_blocked, id=3608, stack(0x0000000017770000,0x0000000017870000)]
  0x00000000170e9000 JavaThread "pool-3-thread-1" [_thread_blocked, id=5512, stack(0x0000000017670000,0x0000000017770000)]
  0x00000000170ce000 JavaThread "pool-2-thread-1" [_thread_in_Java, id=12676, stack(0x0000000017570000,0x0000000017670000)]
  0x0000000016e76000 JavaThread "Service Thread" daemon [_thread_blocked, id=10204, stack(0x0000000017370000,0x0000000017470000)]
  0x0000000016e70800 JavaThread "C1 CompilerThread2" daemon [_thread_blocked, id=4960, stack(0x0000000017270000,0x0000000017370000)]
  0x0000000015689000 JavaThread "C2 CompilerThread1" daemon [_thread_in_native, id=7900, stack(0x0000000016d70000,0x0000000016e70000)]
=>0x000000001562f800 JavaThread "C2 CompilerThread0" daemon [_thread_in_native, id=1436, stack(0x0000000016c70000,0x0000000016d70000)]
  0x000000001562d800 JavaThread "Attach Listener" daemon [_thread_blocked, id=8048, stack(0x0000000016b70000,0x0000000016c70000)]
  0x0000000002f5e800 JavaThread "Signal Dispatcher" daemon [_thread_blocked, id=6284, stack(0x0000000016a70000,0x0000000016b70000)]
  0x000000001561a000 JavaThread "Finalizer" daemon [_thread_blocked, id=3588, stack(0x0000000016880000,0x0000000016980000)]
  0x0000000002f50000 JavaThread "Reference Handler" daemon [_thread_blocked, id=1380, stack(0x0000000016780000,0x0000000016880000)]
  0x0000000002cfd800 JavaThread "main" [_thread_blocked, id=10872, stack(0x0000000002b80000,0x0000000002c80000)]

Other Threads:
  0x00000000155f7800 VMThread [stack: 0x0000000016680000,0x0000000016780000] [id=4736]
  0x0000000016e8a800 WatcherThread [stack: 0x0000000017470000,0x0000000017570000] [id=10996]

VM state:not at safepoint (normal execution)

VM Mutex/Monitor currently owned by a thread: None

Heap:
 PSYoungGen      total 38400K, used 37103K [0x00000000eab00000, 0x00000000ed580000, 0x0000000100000000)
  eden space 33280K, 96% used [0x00000000eab00000,0x00000000eca3d6d8,0x00000000ecb80000)
  from space 5120K, 99% used [0x00000000ecb80000,0x00000000ed07e798,0x00000000ed080000)
  to   space 5120K, 0% used [0x00000000ed080000,0x00000000ed080000,0x00000000ed580000)
 ParOldGen       total 87552K, used 223K [0x00000000c0000000, 0x00000000c5580000, 0x00000000eab00000)
  object space 87552K, 0% used [0x00000000c0000000,0x00000000c0037fb8,0x00000000c5580000)
 Metaspace       used 6164K, capacity 7026K, committed 7296K, reserved 1056768K
  class space    used 603K, capacity 618K, committed 640K, reserved 1048576K

Card table byte_map: [0x0000000012320000,0x0000000012530000] byte_map_base: 0x0000000011d20000

Marking Bits: (ParMarkBitMap*) 0x000000005bcc0600
 Begin Bits: [0x0000000012a90000, 0x0000000013a90000)
 End Bits:   [0x0000000013a90000, 0x0000000014a90000)

Polling page: 0x0000000002c80000

CodeCache: size=245760Kb used=6035Kb max_used=6048Kb free=239724Kb
 bounds [0x0000000002f60000, 0x0000000003550000, 0x0000000011f60000]
 total_blobs=1723 nmethods=1454 adapters=182
 compilation: enabled

Compilation events (10 events):
Event: 5.646 Thread 0x0000000015689000 nmethod 1428 0x0000000003542cd0 code [0x0000000003542e20, 0x00000000035430b8]
Event: 5.646 Thread 0x0000000015689000 1413       4       com.android.dx.util.LabeledList::set (45 bytes)
Event: 5.646 Thread 0x0000000016e70800 1462       3       com.android.dx.cf.direct.DirectClassFile::getAccessFlags (9 bytes)
Event: 5.646 Thread 0x0000000016e70800 nmethod 1462 0x0000000003542790 code [0x0000000003542900, 0x0000000003542b48]
Event: 5.648 Thread 0x0000000016e70800 1463       3       com.android.dx.dex.code.OutputFinisher::hasLocalInfo (20 bytes)
Event: 5.648 Thread 0x0000000016e70800 nmethod 1463 0x0000000003540e10 code [0x0000000003540f80, 0x0000000003541210]
Event: 5.650 Thread 0x0000000016e70800 1464       3       com.android.dx.ssa.SsaBasicBlock::insertNewPredecessor (134 bytes)
Event: 5.652 Thread 0x0000000016e70800 nmethod 1464 0x0000000003544c50 code [0x0000000003544ea0, 0x00000000035459f8]
Event: 5.664 Thread 0x0000000015689000 nmethod 1413 0x000000000354dc90 code [0x000000000354de20, 0x000000000354e4c8]
Event: 5.664 Thread 0x0000000015689000 1414       4       com.android.dx.ssa.SsaRenamer$BlockRenamer::process (191 bytes)

GC Heap History (2 events):
Event: 3.601 GC heap before
{Heap before GC invocations=1 (full 0):
 PSYoungGen      total 38400K, used 33280K [0x00000000eab00000, 0x00000000ed580000, 0x0000000100000000)
  eden space 33280K, 100% used [0x00000000eab00000,0x00000000ecb80000,0x00000000ecb80000)
  from space 5120K, 0% used [0x00000000ed080000,0x00000000ed080000,0x00000000ed580000)
  to   space 5120K, 0% used [0x00000000ecb80000,0x00000000ecb80000,0x00000000ed080000)
 ParOldGen       total 87552K, used 0K [0x00000000c0000000, 0x00000000c5580000, 0x00000000eab00000)
  object space 87552K, 0% used [0x00000000c0000000,0x00000000c0000000,0x00000000c5580000)
 Metaspace       used 5912K, capacity 6832K, committed 7040K, reserved 1056768K
  class space    used 601K, capacity 616K, committed 640K, reserved 1048576K
Event: 3.610 GC heap after
Heap after GC invocations=1 (full 0):
 PSYoungGen      total 38400K, used 5113K [0x00000000eab00000, 0x00000000ed580000, 0x0000000100000000)
  eden space 33280K, 0% used [0x00000000eab00000,0x00000000eab00000,0x00000000ecb80000)
  from space 5120K, 99% used [0x00000000ecb80000,0x00000000ed07e798,0x00000000ed080000)
  to   space 5120K, 0% used [0x00000000ed080000,0x00000000ed080000,0x00000000ed580000)
 ParOldGen       total 87552K, used 223K [0x00000000c0000000, 0x00000000c5580000, 0x00000000eab00000)
  object space 87552K, 0% used [0x00000000c0000000,0x00000000c0037fb8,0x00000000c5580000)
 Metaspace       used 5912K, capacity 6832K, committed 7040K, reserved 1056768K
  class space    used 601K, capacity 616K, committed 640K, reserved 1048576K
}

Deoptimization events (9 events):
Event: 1.356 Thread 0x0000000002cfd800 Uncommon trap: reason=unstable_if action=reinterpret pc=0x00000000030bafd4 method=java.lang.String.compareTo(Ljava/lang/String;)I @ 38
Event: 2.835 Thread 0x0000000002cfd800 Uncommon trap: reason=unstable_if action=reinterpret pc=0x0000000003190444 method=java.util.HashMap.getNode(ILjava/lang/Object;)Ljava/util/HashMap$Node; @ 62
Event: 3.593 Thread 0x0000000002cfd800 Uncommon trap: reason=unstable_if action=reinterpret pc=0x00000000031ad030 method=java.util.BitSet.nextSetBit(I)I @ 87
Event: 3.915 Thread 0x0000000002cfd800 Uncommon trap: reason=unstable_if action=reinterpret pc=0x00000000033b97e0 method=com.android.dx.util.LabeledList.set(ILcom/android/dx/util/LabeledItem;)V @ 16
Event: 5.015 Thread 0x00000000170ee800 Uncommon trap: reason=unstable_if action=reinterpret pc=0x000000000327e4dc method=com.android.dx.rop.cst.Constant.compareTo(Lcom/android/dx/rop/cst/Constant;)I @ 12
Event: 5.051 Thread 0x00000000170ed800 Uncommon trap: reason=unstable_if action=reinterpret pc=0x00000000032e6538 method=com.android.dx.cf.code.Ropper.labelToResultIndex(I)I @ 34
Event: 5.077 Thread 0x00000000170ed800 Uncommon trap: reason=bimorphic action=maybe_recompile pc=0x00000000034dd4e4 method=com.android.dx.ssa.LiteralOpUpgrader.tryReplacingWithConstant(Lcom/android/dx/ssa/NormalSsaInsn;)Z @ 52
Event: 5.512 Thread 0x00000000170ec800 Uncommon trap: reason=bimorphic action=maybe_recompile pc=0x00000000034ace70 method=com.android.dx.cf.code.BytecodeArray.parseInstruction(ILcom/android/dx/cf/code/BytecodeArray$Visitor;)I @ 2484
Event: 5.513 Thread 0x00000000170ec800 Uncommon trap: reason=bimorphic action=maybe_recompile pc=0x00000000034ace70 method=com.android.dx.cf.code.BytecodeArray.parseInstruction(ILcom/android/dx/cf/code/BytecodeArray$Visitor;)I @ 2484

Internal exceptions (2 events):
Event: 0.363 Thread 0x0000000002cfd800 Exception <a 'java/lang/NoSuchMethodError': Method sun.misc.Unsafe.defineClass(Ljava/lang/String;[BII)Ljava/lang/Class; name or signature does not match> (0x00000000eab07cc0) thrown at [C:\re\workspace\8-2-build-windows-amd64-cygwin\jdk8u74\6087\hotspot\sr(:®v<×?
Event: 0.363 Thread 0x0000000002cfd800 Exception <a 'java/lang/NoSuchMethodError': Method sun.misc.Unsafe.prefetchRead(Ljava/lang/Object;J)V name or signature does not match> (0x00000000eab07fa8) thrown at [C:\re\workspace\8-2-build-windows-amd64-cygwin\jdk8u74\6087\hotspot\src\share\vm\prims\j

Events (10 events):
Event: 5.051 Thread 0x00000000170ed800 DEOPT UNPACKING pc=0x0000000002fa582a sp=0x000000001796e888 mode 2
Event: 5.077 Thread 0x00000000170ed800 Uncommon trap: trap_request=0xffffffc6 fr.pc=0x00000000034dd4e4
Event: 5.077 Thread 0x00000000170ed800 DEOPT PACKING pc=0x00000000034dd4e4 sp=0x000000001796e770
Event: 5.077 Thread 0x00000000170ed800 DEOPT UNPACKING pc=0x0000000002fa582a sp=0x000000001796e720 mode 2
Event: 5.512 Thread 0x00000000170ec800 Uncommon trap: trap_request=0xffffffc6 fr.pc=0x00000000034ace70
Event: 5.512 Thread 0x00000000170ec800 DEOPT PACKING pc=0x00000000034ace70 sp=0x000000001786e740
Event: 5.512 Thread 0x00000000170ec800 DEOPT UNPACKING pc=0x0000000002fa582a sp=0x000000001786e6c8 mode 2
Event: 5.513 Thread 0x00000000170ec800 Uncommon trap: trap_request=0xffffffc6 fr.pc=0x00000000034ace70
Event: 5.513 Thread 0x00000000170ec800 DEOPT PACKING pc=0x00000000034ace70 sp=0x000000001786e4f0
Event: 5.513 Thread 0x00000000170ec800 DEOPT UNPACKING pc=0x0000000002fa582a sp=0x000000001786e478 mode 2


Dynamic libraries:
0x00007ff7626f0000 - 0x00007ff762727000 	C:\Program Files\Java\jdk1.8.0_74\bin\java.exe
0x00007ffc94360000 - 0x00007ffc94531000 	C:\WINDOWS\SYSTEM32\ntdll.dll
0x00007ffc92960000 - 0x00007ffc92a0c000 	C:\WINDOWS\System32\KERNEL32.DLL
0x00007ffc90aa0000 - 0x00007ffc90cbd000 	C:\WINDOWS\System32\KERNELBASE.dll
0x00007ffc91ca0000 - 0x00007ffc91d42000 	C:\WINDOWS\System32\ADVAPI32.dll
0x00007ffc92520000 - 0x00007ffc925be000 	C:\WINDOWS\System32\msvcrt.dll
0x00007ffc92900000 - 0x00007ffc92959000 	C:\WINDOWS\System32\sechost.dll
0x00007ffc92c40000 - 0x00007ffc92d61000 	C:\WINDOWS\System32\RPCRT4.dll
0x00007ffc925c0000 - 0x00007ffc92725000 	C:\WINDOWS\System32\USER32.dll
0x00007ffc910f0000 - 0x00007ffc9110e000 	C:\WINDOWS\System32\win32u.dll
0x00007ffc91b60000 - 0x00007ffc91b94000 	C:\WINDOWS\System32\GDI32.dll
0x00007ffc90910000 - 0x00007ffc90a92000 	C:\WINDOWS\System32\gdi32full.dll
0x00007ffc85820000 - 0x00007ffc85a9a000 	C:\WINDOWS\WinSxS\amd64_microsoft.windows.common-controls_6595b64144ccf1df_6.0.14393.953_none_42151e83c686086b\COMCTL32.dll
0x00007ffc92250000 - 0x00007ffc92518000 	C:\WINDOWS\System32\combase.dll
0x00007ffc917f0000 - 0x00007ffc918e5000 	C:\WINDOWS\System32\ucrtbase.dll
0x00007ffc908a0000 - 0x00007ffc9090a000 	C:\WINDOWS\System32\bcryptPrimitives.dll
0x00007ffc92a10000 - 0x00007ffc92a3e000 	C:\WINDOWS\System32\IMM32.DLL
0x000000005bd40000 - 0x000000005be12000 	C:\Program Files\Java\jdk1.8.0_74\jre\bin\msvcr100.dll
0x000000005b4b0000 - 0x000000005bd40000 	C:\Program Files\Java\jdk1.8.0_74\jre\bin\server\jvm.dll
0x00007ffc91a10000 - 0x00007ffc91a18000 	C:\WINDOWS\System32\PSAPI.DLL
0x00007ffc7eb50000 - 0x00007ffc7eb59000 	C:\WINDOWS\SYSTEM32\WSOCK32.dll
0x00007ffc92730000 - 0x00007ffc9279a000 	C:\WINDOWS\System32\WS2_32.dll
0x00007ffc8e6d0000 - 0x00007ffc8e6f3000 	C:\WINDOWS\SYSTEM32\WINMM.dll
0x00007ffc80640000 - 0x00007ffc8064a000 	C:\WINDOWS\SYSTEM32\VERSION.dll
0x00007ffc8e6a0000 - 0x00007ffc8e6cb000 	C:\WINDOWS\SYSTEM32\WINMMBASE.dll
0x00007ffc90850000 - 0x00007ffc90892000 	C:\WINDOWS\System32\cfgmgr32.dll
0x000000005b4a0000 - 0x000000005b4af000 	C:\Program Files\Java\jdk1.8.0_74\jre\bin\verify.dll
0x000000005b470000 - 0x000000005b499000 	C:\Program Files\Java\jdk1.8.0_74\jre\bin\java.dll
0x000000005b450000 - 0x000000005b466000 	C:\Program Files\Java\jdk1.8.0_74\jre\bin\zip.dll
0x00007ffc92e40000 - 0x00007ffc94348000 	C:\WINDOWS\System32\SHELL32.dll
0x00007ffc91110000 - 0x00007ffc917ea000 	C:\WINDOWS\System32\windows.storage.dll
0x00007ffc90800000 - 0x00007ffc9084c000 	C:\WINDOWS\System32\powrprof.dll
0x00007ffc92be0000 - 0x00007ffc92c32000 	C:\WINDOWS\System32\shlwapi.dll
0x00007ffc907f0000 - 0x00007ffc907ff000 	C:\WINDOWS\System32\kernel.appcore.dll
0x00007ffc90fe0000 - 0x00007ffc91089000 	C:\WINDOWS\System32\shcore.dll
0x00007ffc907d0000 - 0x00007ffc907e4000 	C:\WINDOWS\System32\profapi.dll

VM Arguments:
jvm_args: -Djava.awt.headless=true -Xmx1024M -Dfile.encoding=windows-1250 -Duser.country=US -Duser.language=en -Duser.variant 
java_command: com.android.dx.command.Main --dex --force-jumbo --num-threads=4 --multi-dex --output C:\Users\tinen\Desktop\Fax\RVIR\Projekt\NavigationDrawer\NavigationDrawer\app\build\intermediates\transforms\dex\debug\folders\1000\10\com.android.support-support-v4-23.2.0_20b392eff6a08e5f5c29615e9bd07cce2ff179a6 C:\Users\tinen\Desktop\Fax\RVIR\Projekt\NavigationDrawer\NavigationDrawer\app\build\intermediates\exploded-aar\com.android.support\support-v4\23.2.0\jars\classes.jar
java_class_path (initial): C:\Users\tinen\AppData\Local\Android\sdk\build-tools\23.0.2\lib\dx.jar
Launcher Type: SUN_STANDARD

Environment Variables:
PATH=C:\Program Files\Microsoft MPI\Bin\;C:\oraclexe\app\oracle\product\11.2.0\server\bin;C:\Program Files (x86)\Intel\iCLS Client\;C:\Program Files\Intel\iCLS Client\;C:\ProgramData\Oracle\Java\javapath;C:\WINDOWS\system32;C:\WINDOWS;C:\WINDOWS\System32\Wbem;C:\WINDOWS\System32\WindowsPowerShell\v1.0\;C:\Program Files (x86)\AMD\ATI.ACE\Core-Static;C:\Program Files (x86)\Intel\Intel(R) Management Engine Components\DAL;C:\Program Files\Intel\Intel(R) Management Engine Components\DAL;C:\Program Files (x86)\Intel\Intel(R) Management Engine Components\IPT;C:\Program Files\Intel\Intel(R) Management Engine Components\IPT;C:\Program Files\Java\jdk1.8.0_74\bin;C:\Program Files\Java\jre1.8.0_74\bin;C:\Program Files\TortoiseSVN\bin;C:\Program Files\VisualSVN Server\bin;C:\Users\tinen\.dnx\bin;C:\Program Files\Microsoft DNX\Dnvm\;C:\Program Files (x86)\Microsoft SQL Server\130\Tools\Binn\;C:\Program Files\Microsoft SQL Server\130\Tools\Binn\;C:\Program Files (x86)\Microsoft SQL Server\130\DTS\Binn\;C:\Program Files\Microsoft SQL Server\130\DTS\Binn\;C:\Program Files\Microsoft SQL Server\Client SDK\ODBC\130\Tools\Binn\;C:\Program Files (x86)\Microsoft SQL Server\Client SDK\ODBC\130\Tools\Binn\;C:\Program Files (x86)\Microsoft SQL Server\130\Tools\Binn\ManagementStudio\;C:\Program Files (x86)\Skype\Phone\;C:\Users\tinen\AppData\Local\Microsoft\WindowsApps
USERNAME=Shibby
OS=Windows_NT
PROCESSOR_IDENTIFIER=Intel64 Family 6 Model 60 Stepping 3, GenuineIntel



---------------  S Y S T E M  ---------------

OS: Windows 10.0 , 64 bit Build 14393 (10.0.14393.1198)

CPU:total 4 (2 cores per cpu, 2 threads per core) family 6 model 60 stepping 3, cmov, cx8, fxsr, mmx, sse, sse2, sse3, ssse3, sse4.1, sse4.2, popcnt, avx, avx2, aes, clmul, erms, lzcnt, ht, tsc, tscinvbit, bmi1, bmi2

Memory: 4k page, physical 8266860k(1415216k free), swap 12237192k(33576k free)

vm_info: Java HotSpot(TM) 64-Bit Server VM (25.74-b02) for windows-amd64 JRE (1.8.0_74-b02), built on Jan 29 2016 17:42:36 by "java_re" with MS VC++ 10.0 (VS2010)

time: Sat May 13 12:34:34 2017
elapsed time: 5 seconds (0d 0h 0m 5s)

