#
# There is insufficient memory for the Java Runtime Environment to continue.
# Native memory allocation (malloc) failed to allocate 1072656 bytes for Chunk::new
# Possible reasons:
#   The system is out of physical RAM or swap space
#   In 32 bit mode, the process size limit was hit
# Possible solutions:
#   Reduce memory load on the system
#   Increase physical memory or swap space
#   Check if swap backing store is full
#   Use 64 bit Java on a 64 bit OS
#   Decrease Java heap size (-Xmx/-Xms)
#   Decrease number of Java threads
#   Decrease Java thread stack sizes (-Xss)
#   Set larger code cache with -XX:ReservedCodeCacheSize=
# This output file may be truncated or incomplete.
#
#  Out of Memory Error (allocation.cpp:390), pid=11812, tid=3308
#
# JRE version: Java(TM) SE Runtime Environment (8.0_74-b02) (build 1.8.0_74-b02)
# Java VM: Java HotSpot(TM) 64-Bit Server VM (25.74-b02 mixed mode windows-amd64 compressed oops)
# Failed to write core dump. Minidumps are not enabled by default on client versions of Windows
#

---------------  T H R E A D  ---------------

Current thread (0x0000000014aaf800):  JavaThread "C2 CompilerThread0" daemon [_thread_in_native, id=3308, stack(0x0000000016030000,0x0000000016130000)]

Stack: [0x0000000016030000,0x0000000016130000]
[error occurred during error reporting (printing stack bounds), id 0xc0000005]

Native frames: (J=compiled Java code, j=interpreted, Vv=VM code, C=native code)


Current CompileTask:
C2:   1802 1595       4       com.android.dx.ssa.LocalVariableExtractor::processBlock (383 bytes)


---------------  P R O C E S S  ---------------

Java Threads: ( => current thread )
  0x000000001659e800 JavaThread "pool-2-thread-4" [_thread_in_Java, id=10520, stack(0x0000000016d30000,0x0000000016e30000)]
  0x00000000165cf000 JavaThread "pool-2-thread-3" [_thread_in_Java, id=12000, stack(0x0000000016c30000,0x0000000016d30000)]
  0x000000001659d000 JavaThread "pool-2-thread-2" [_thread_in_vm, id=10540, stack(0x0000000016b30000,0x0000000016c30000)]
  0x000000001658b800 JavaThread "pool-3-thread-1" [_thread_blocked, id=2484, stack(0x0000000016a30000,0x0000000016b30000)]
  0x000000001658a800 JavaThread "pool-2-thread-1" [_thread_in_vm, id=10084, stack(0x0000000016930000,0x0000000016a30000)]
  0x0000000016336000 JavaThread "Service Thread" daemon [_thread_blocked, id=1280, stack(0x0000000016730000,0x0000000016830000)]
  0x0000000014b0b800 JavaThread "C1 CompilerThread2" daemon [_thread_in_native, id=8824, stack(0x0000000016230000,0x0000000016330000)]
  0x0000000014ab3000 JavaThread "C2 CompilerThread1" daemon [_thread_in_native, id=3464, stack(0x0000000016130000,0x0000000016230000)]
=>0x0000000014aaf800 JavaThread "C2 CompilerThread0" daemon [_thread_in_native, id=3308, stack(0x0000000016030000,0x0000000016130000)]
  0x0000000014aad800 JavaThread "Attach Listener" daemon [_thread_blocked, id=3556, stack(0x0000000015f30000,0x0000000016030000)]
  0x00000000023de800 JavaThread "Signal Dispatcher" daemon [_thread_blocked, id=2668, stack(0x0000000015e30000,0x0000000015f30000)]
  0x0000000014a9a000 JavaThread "Finalizer" daemon [_thread_blocked, id=7988, stack(0x0000000015d10000,0x0000000015e10000)]
  0x00000000023d0000 JavaThread "Reference Handler" daemon [_thread_blocked, id=3668, stack(0x0000000015c10000,0x0000000015d10000)]
  0x00000000022dd800 JavaThread "main" [_thread_in_Java, id=8564, stack(0x00000000021b0000,0x00000000022b0000)]

Other Threads:
  0x0000000014a77800 VMThread [stack: 0x0000000015b10000,0x0000000015c10000] [id=8368]
  0x000000001634a800 WatcherThread [stack: 0x0000000016830000,0x0000000016930000] [id=12344]

VM state:not at safepoint (normal execution)

VM Mutex/Monitor currently owned by a thread: None

Heap:
 PSYoungGen      total 38400K, used 37386K [0x00000000eab00000, 0x00000000ef600000, 0x0000000100000000)
  eden space 33280K, 97% used [0x00000000eab00000,0x00000000eca88908,0x00000000ecb80000)
  from space 5120K, 99% used [0x00000000ed080000,0x00000000ed57a0b0,0x00000000ed580000)
  to   space 5120K, 0% used [0x00000000ecb80000,0x00000000ecb80000,0x00000000ed080000)
 ParOldGen       total 87552K, used 5960K [0x00000000c0000000, 0x00000000c5580000, 0x00000000eab00000)
  object space 87552K, 6% used [0x00000000c0000000,0x00000000c05d2210,0x00000000c5580000)
 Metaspace       used 6316K, capacity 7128K, committed 7424K, reserved 1056768K
  class space    used 624K, capacity 656K, committed 768K, reserved 1048576K

Card table byte_map: [0x00000000117a0000,0x00000000119b0000] byte_map_base: 0x00000000111a0000

Marking Bits: (ParMarkBitMap*) 0x000000005bcc0600
 Begin Bits: [0x0000000011f10000, 0x0000000012f10000)
 End Bits:   [0x0000000012f10000, 0x0000000013f10000)

Polling page: 0x0000000000570000

CodeCache: size=245760Kb used=6232Kb max_used=6237Kb free=239528Kb
 bounds [0x00000000023e0000, 0x0000000002a00000, 0x00000000113e0000]
 total_blobs=1869 nmethods=1600 adapters=182
 compilation: enabled

Compilation events (10 events):
Event: 1.791 Thread 0x0000000014b0b800 1618       2       com.android.dx.dex.file.ClassDefItem::addVirtualMethod (9 bytes)
Event: 1.792 Thread 0x0000000014b0b800 nmethod 1618 0x00000000029f9710 code [0x00000000029f98a0, 0x00000000029f9bd8]
Event: 1.792 Thread 0x0000000014b0b800 1619       2       com.android.dx.dex.file.ClassDataItem::addVirtualMethod (24 bytes)
Event: 1.793 Thread 0x0000000014b0b800 nmethod 1619 0x00000000029f8f90 code [0x00000000029f9120, 0x00000000029f9478]
Event: 1.793 Thread 0x0000000014b0b800 1620       2       com.android.dx.rop.annotation.Annotations::addAll (59 bytes)
Event: 1.794 Thread 0x0000000014b0b800 nmethod 1620 0x00000000029f85d0 code [0x00000000029f87a0, 0x00000000029f8c58]
Event: 1.799 Thread 0x0000000014b0b800 1622       2       java.util.concurrent.locks.AbstractQueuedSynchronizer$ConditionObject::signal (33 bytes)
Event: 1.800 Thread 0x0000000014b0b800 nmethod 1622 0x00000000029f80d0 code [0x00000000029f8260, 0x00000000029f84a8]
Event: 1.800 Thread 0x0000000014b0b800 1623       2       java.util.concurrent.locks.ReentrantLock$Sync::isHeldExclusively (16 bytes)
Event: 1.800 Thread 0x0000000014b0b800 nmethod 1623 0x00000000029f7d90 code [0x00000000029f7ee0, 0x00000000029f8050]

GC Heap History (4 events):
Event: 1.111 GC heap before
{Heap before GC invocations=1 (full 0):
 PSYoungGen      total 38400K, used 33280K [0x00000000eab00000, 0x00000000ed580000, 0x0000000100000000)
  eden space 33280K, 100% used [0x00000000eab00000,0x00000000ecb80000,0x00000000ecb80000)
  from space 5120K, 0% used [0x00000000ed080000,0x00000000ed080000,0x00000000ed580000)
  to   space 5120K, 0% used [0x00000000ecb80000,0x00000000ecb80000,0x00000000ed080000)
 ParOldGen       total 87552K, used 0K [0x00000000c0000000, 0x00000000c5580000, 0x00000000eab00000)
  object space 87552K, 0% used [0x00000000c0000000,0x00000000c0000000,0x00000000c5580000)
 Metaspace       used 5963K, capacity 6898K, committed 7040K, reserved 1056768K
  class space    used 600K, capacity 618K, committed 640K, reserved 1048576K
Event: 1.121 GC heap after
Heap after GC invocations=1 (full 0):
 PSYoungGen      total 38400K, used 5090K [0x00000000eab00000, 0x00000000ed580000, 0x0000000100000000)
  eden space 33280K, 0% used [0x00000000eab00000,0x00000000eab00000,0x00000000ecb80000)
  from space 5120K, 99% used [0x00000000ecb80000,0x00000000ed078948,0x00000000ed080000)
  to   space 5120K, 0% used [0x00000000ed080000,0x00000000ed080000,0x00000000ed580000)
 ParOldGen       total 87552K, used 1639K [0x00000000c0000000, 0x00000000c5580000, 0x00000000eab00000)
  object space 87552K, 1% used [0x00000000c0000000,0x00000000c0199de0,0x00000000c5580000)
 Metaspace       used 5963K, capacity 6898K, committed 7040K, reserved 1056768K
  class space    used 600K, capacity 618K, committed 640K, reserved 1048576K
}
Event: 1.539 GC heap before
{Heap before GC invocations=2 (full 0):
 PSYoungGen      total 38400K, used 38370K [0x00000000eab00000, 0x00000000ed580000, 0x0000000100000000)
  eden space 33280K, 100% used [0x00000000eab00000,0x00000000ecb80000,0x00000000ecb80000)
  from space 5120K, 99% used [0x00000000ecb80000,0x00000000ed078948,0x00000000ed080000)
  to   space 5120K, 0% used [0x00000000ed080000,0x00000000ed080000,0x00000000ed580000)
 ParOldGen       total 87552K, used 1639K [0x00000000c0000000, 0x00000000c5580000, 0x00000000eab00000)
  object space 87552K, 1% used [0x00000000c0000000,0x00000000c0199de0,0x00000000c5580000)
 Metaspace       used 6266K, capacity 7128K, committed 7424K, reserved 1056768K
  class space    used 623K, capacity 656K, committed 768K, reserved 1048576K
Event: 1.553 GC heap after
Heap after GC invocations=2 (full 0):
 PSYoungGen      total 38400K, used 5096K [0x00000000eab00000, 0x00000000ef600000, 0x0000000100000000)
  eden space 33280K, 0% used [0x00000000eab00000,0x00000000eab00000,0x00000000ecb80000)
  from space 5120K, 99% used [0x00000000ed080000,0x00000000ed57a0b0,0x00000000ed580000)
  to   space 5120K, 0% used [0x00000000ecb80000,0x00000000ecb80000,0x00000000ed080000)
 ParOldGen       total 87552K, used 5960K [0x00000000c0000000, 0x00000000c5580000, 0x00000000eab00000)
  object space 87552K, 6% used [0x00000000c0000000,0x00000000c05d2210,0x00000000c5580000)
 Metaspace       used 6266K, capacity 7128K, committed 7424K, reserved 1056768K
  class space    used 623K, capacity 656K, committed 768K, reserved 1048576K
}

Deoptimization events (10 events):
Event: 0.924 Thread 0x00000000022dd800 Uncommon trap: reason=unstable_if action=reinterpret pc=0x00000000026e525c method=com.android.dx.rop.cst.Constant.compareTo(Lcom/android/dx/rop/cst/Constant;)I @ 12
Event: 1.044 Thread 0x00000000165cf000 Uncommon trap: reason=unstable_if action=reinterpret pc=0x00000000026d993c method=com.android.dx.rop.code.RegisterSpec.equals(ILcom/android/dx/rop/type/TypeBearer;Lcom/android/dx/rop/code/LocalItem;)Z @ 42
Event: 1.369 Thread 0x00000000022dd800 Uncommon trap: reason=unstable_if action=reinterpret pc=0x0000000002757c3c method=java.util.HashMap.putVal(ILjava/lang/Object;Ljava/lang/Object;ZZ)Ljava/lang/Object; @ 162
Event: 1.373 Thread 0x00000000022dd800 Uncommon trap: reason=unstable_if action=reinterpret pc=0x0000000002774d50 method=java.util.HashMap.getNode(ILjava/lang/Object;)Ljava/util/HashMap$Node; @ 84
Event: 1.443 Thread 0x000000001659d000 Uncommon trap: reason=unstable_if action=reinterpret pc=0x0000000002812798 method=java.util.HashMap.getNode(ILjava/lang/Object;)Ljava/util/HashMap$Node; @ 84
Event: 1.452 Thread 0x00000000165cf000 Uncommon trap: reason=null_check action=make_not_entrant pc=0x00000000026de00c method=com.android.dx.ssa.SsaRenamer.getLocalForNewReg(I)Lcom/android/dx/rop/code/LocalItem; @ 19
Event: 1.505 Thread 0x00000000165cf000 Uncommon trap: reason=unstable_if action=reinterpret pc=0x000000000296ffc8 method=com.android.dx.cf.code.BytecodeArray.parseInstruction(ILcom/android/dx/cf/code/BytecodeArray$Visitor;)I @ 1198
Event: 1.581 Thread 0x000000001659e800 Uncommon trap: reason=null_check action=make_not_entrant pc=0x00000000026b1ca4 method=com.android.dx.ssa.SsaRenamer.getLocalForNewReg(I)Lcom/android/dx/rop/code/LocalItem; @ 19
Event: 1.624 Thread 0x00000000165cf000 Uncommon trap: reason=unstable_if action=reinterpret pc=0x000000000282adbc method=com.android.dx.util.IntList.binarysearch(I)I @ 105
Event: 1.642 Thread 0x00000000022dd800 Uncommon trap: reason=unstable_if action=reinterpret pc=0x0000000002834fbc method=java.util.HashMap.putVal(ILjava/lang/Object;Ljava/lang/Object;ZZ)Ljava/lang/Object; @ 162

Internal exceptions (8 events):
Event: 0.057 Thread 0x00000000022dd800 Exception <a 'java/lang/NoSuchMethodError': Method sun.misc.Unsafe.defineClass(Ljava/lang/String;[BII)Ljava/lang/Class; name or signature does not match> (0x00000000eab07cc0) thrown at [C:\re\workspace\8-2-build-windows-amd64-cygwin\jdk8u74\6087\hotspot\sr=XFréJ­?
Event: 0.057 Thread 0x00000000022dd800 Exception <a 'java/lang/NoSuchMethodError': Method sun.misc.Unsafe.prefetchRead(Ljava/lang/Object;J)V name or signature does not match> (0x00000000eab07fa8) thrown at [C:\re\workspace\8-2-build-windows-amd64-cygwin\jdk8u74\6087\hotspot\src\share\vm\prims\jü5ò¤½ë?
Event: 0.867 Thread 0x00000000165cf000 Implicit null exception at 0x00000000026c3b62 to 0x00000000026c3c5a
Event: 1.371 Thread 0x00000000022dd800 Exception <a 'java/lang/ArrayIndexOutOfBoundsException': 18> (0x00000000ebf52778) thrown at [C:\re\workspace\8-2-build-windows-amd64-cygwin\jdk8u74\6087\hotspot\src\share\vm\interpreter\interpreterRuntime.cpp, line 366]
Event: 1.372 Thread 0x00000000022dd800 Exception <a 'java/lang/ArrayIndexOutOfBoundsException'> (0x00000000ebf542f8) thrown at [C:\re\workspace\8-2-build-windows-amd64-cygwin\jdk8u74\6087\hotspot\src\share\vm\runtime\sharedRuntime.cpp, line 605]
Event: 1.373 Thread 0x00000000022dd800 Exception <a 'java/lang/ArrayIndexOutOfBoundsException'> (0x00000000ebf555e0) thrown at [C:\re\workspace\8-2-build-windows-amd64-cygwin\jdk8u74\6087\hotspot\src\share\vm\runtime\sharedRuntime.cpp, line 605]
Event: 1.452 Thread 0x00000000165cf000 Implicit null exception at 0x00000000026dc2c4 to 0x00000000026ddfc9
Event: 1.581 Thread 0x000000001659e800 Implicit null exception at 0x00000000026afe8a to 0x00000000026b1c85

Events (10 events):
Event: 1.624 Thread 0x00000000165cf000 Uncommon trap: trap_request=0xffffff65 fr.pc=0x000000000282adbc
Event: 1.624 Thread 0x00000000165cf000 DEOPT PACKING pc=0x000000000282adbc sp=0x0000000016d2e890
Event: 1.624 Thread 0x00000000165cf000 DEOPT UNPACKING pc=0x000000000242582a sp=0x0000000016d2e808 mode 2
Event: 1.642 Thread 0x00000000022dd800 Uncommon trap: trap_request=0xffffff65 fr.pc=0x0000000002834fbc
Event: 1.642 Thread 0x00000000022dd800 DEOPT PACKING pc=0x0000000002834fbc sp=0x00000000022adc90
Event: 1.642 Thread 0x00000000022dd800 DEOPT UNPACKING pc=0x000000000242582a sp=0x00000000022adc18 mode 2
Event: 1.643 Thread 0x000000001658a800 DEOPT PACKING pc=0x00000000026d1d7c sp=0x0000000016a2e800
Event: 1.643 Thread 0x000000001658a800 DEOPT UNPACKING pc=0x000000000242787f sp=0x0000000016a2e5c8 mode 0
Event: 1.758 Thread 0x000000001659d000 DEOPT PACKING pc=0x000000000274ab6d sp=0x0000000016c2e6f0
Event: 1.758 Thread 0x000000001659d000 DEOPT UNPACKING pc=0x000000000242787f sp=0x0000000016c2e488 mode 0


Dynamic libraries:
0x00007ff7626f0000 - 0x00007ff762727000 	C:\Program Files\Java\jdk1.8.0_74\bin\java.exe
0x00007ffc94360000 - 0x00007ffc94531000 	C:\WINDOWS\SYSTEM32\ntdll.dll
0x00007ffc92960000 - 0x00007ffc92a0c000 	C:\WINDOWS\System32\KERNEL32.DLL
0x00007ffc90aa0000 - 0x00007ffc90cbd000 	C:\WINDOWS\System32\KERNELBASE.dll
0x00007ffc91ca0000 - 0x00007ffc91d42000 	C:\WINDOWS\System32\ADVAPI32.dll
0x00007ffc92520000 - 0x00007ffc925be000 	C:\WINDOWS\System32\msvcrt.dll
0x00007ffc92900000 - 0x00007ffc92959000 	C:\WINDOWS\System32\sechost.dll
0x00007ffc92c40000 - 0x00007ffc92d61000 	C:\WINDOWS\System32\RPCRT4.dll
0x00007ffc925c0000 - 0x00007ffc92725000 	C:\WINDOWS\System32\USER32.dll
0x00007ffc910f0000 - 0x00007ffc9110e000 	C:\WINDOWS\System32\win32u.dll
0x00007ffc91b60000 - 0x00007ffc91b94000 	C:\WINDOWS\System32\GDI32.dll
0x00007ffc90910000 - 0x00007ffc90a92000 	C:\WINDOWS\System32\gdi32full.dll
0x00007ffc85820000 - 0x00007ffc85a9a000 	C:\WINDOWS\WinSxS\amd64_microsoft.windows.common-controls_6595b64144ccf1df_6.0.14393.953_none_42151e83c686086b\COMCTL32.dll
0x00007ffc92250000 - 0x00007ffc92518000 	C:\WINDOWS\System32\combase.dll
0x00007ffc917f0000 - 0x00007ffc918e5000 	C:\WINDOWS\System32\ucrtbase.dll
0x00007ffc908a0000 - 0x00007ffc9090a000 	C:\WINDOWS\System32\bcryptPrimitives.dll
0x00007ffc92a10000 - 0x00007ffc92a3e000 	C:\WINDOWS\System32\IMM32.DLL
0x000000005bd40000 - 0x000000005be12000 	C:\Program Files\Java\jdk1.8.0_74\jre\bin\msvcr100.dll
0x000000005b4b0000 - 0x000000005bd40000 	C:\Program Files\Java\jdk1.8.0_74\jre\bin\server\jvm.dll
0x00007ffc91a10000 - 0x00007ffc91a18000 	C:\WINDOWS\System32\PSAPI.DLL
0x00007ffc7eb50000 - 0x00007ffc7eb59000 	C:\WINDOWS\SYSTEM32\WSOCK32.dll
0x00007ffc92730000 - 0x00007ffc9279a000 	C:\WINDOWS\System32\WS2_32.dll
0x00007ffc8e6d0000 - 0x00007ffc8e6f3000 	C:\WINDOWS\SYSTEM32\WINMM.dll
0x00007ffc80640000 - 0x00007ffc8064a000 	C:\WINDOWS\SYSTEM32\VERSION.dll
0x00007ffc8e6a0000 - 0x00007ffc8e6cb000 	C:\WINDOWS\SYSTEM32\WINMMBASE.dll
0x00007ffc90850000 - 0x00007ffc90892000 	C:\WINDOWS\System32\cfgmgr32.dll
0x000000005b4a0000 - 0x000000005b4af000 	C:\Program Files\Java\jdk1.8.0_74\jre\bin\verify.dll
0x000000005b470000 - 0x000000005b499000 	C:\Program Files\Java\jdk1.8.0_74\jre\bin\java.dll
0x000000005b450000 - 0x000000005b466000 	C:\Program Files\Java\jdk1.8.0_74\jre\bin\zip.dll
0x00007ffc92e40000 - 0x00007ffc94348000 	C:\WINDOWS\System32\SHELL32.dll
0x00007ffc91110000 - 0x00007ffc917ea000 	C:\WINDOWS\System32\windows.storage.dll
0x00007ffc90800000 - 0x00007ffc9084c000 	C:\WINDOWS\System32\powrprof.dll
0x00007ffc92be0000 - 0x00007ffc92c32000 	C:\WINDOWS\System32\shlwapi.dll
0x00007ffc907f0000 - 0x00007ffc907ff000 	C:\WINDOWS\System32\kernel.appcore.dll
0x00007ffc90fe0000 - 0x00007ffc91089000 	C:\WINDOWS\System32\shcore.dll
0x00007ffc907d0000 - 0x00007ffc907e4000 	C:\WINDOWS\System32\profapi.dll

VM Arguments:
jvm_args: -Djava.awt.headless=true -Xmx1024M -Dfile.encoding=windows-1250 -Duser.country=US -Duser.language=en -Duser.variant 
java_command: com.android.dx.command.Main --dex --force-jumbo --num-threads=4 --multi-dex --output C:\Users\tinen\Desktop\Fax\RVIR\Projekt\NavigationDrawer\NavigationDrawer\app\build\intermediates\transforms\dex\debug\folders\1000\10\com.android.support-recyclerview-v7-23.2.0_5f15e82f9f0adffc9d0ac4a557cb3b0d6c8ce5b6 C:\Users\tinen\Desktop\Fax\RVIR\Projekt\NavigationDrawer\NavigationDrawer\app\build\intermediates\exploded-aar\com.android.support\recyclerview-v7\23.2.0\jars\classes.jar
java_class_path (initial): C:\Users\tinen\AppData\Local\Android\sdk\build-tools\23.0.2\lib\dx.jar
Launcher Type: SUN_STANDARD

Environment Variables:
PATH=C:\Program Files\Microsoft MPI\Bin\;C:\oraclexe\app\oracle\product\11.2.0\server\bin;C:\Program Files (x86)\Intel\iCLS Client\;C:\Program Files\Intel\iCLS Client\;C:\ProgramData\Oracle\Java\javapath;C:\WINDOWS\system32;C:\WINDOWS;C:\WINDOWS\System32\Wbem;C:\WINDOWS\System32\WindowsPowerShell\v1.0\;C:\Program Files (x86)\AMD\ATI.ACE\Core-Static;C:\Program Files (x86)\Intel\Intel(R) Management Engine Components\DAL;C:\Program Files\Intel\Intel(R) Management Engine Components\DAL;C:\Program Files (x86)\Intel\Intel(R) Management Engine Components\IPT;C:\Program Files\Intel\Intel(R) Management Engine Components\IPT;C:\Program Files\Java\jdk1.8.0_74\bin;C:\Program Files\Java\jre1.8.0_74\bin;C:\Program Files\TortoiseSVN\bin;C:\Program Files\VisualSVN Server\bin;C:\Users\tinen\.dnx\bin;C:\Program Files\Microsoft DNX\Dnvm\;C:\Program Files (x86)\Microsoft SQL Server\130\Tools\Binn\;C:\Program Files\Microsoft SQL Server\130\Tools\Binn\;C:\Program Files (x86)\Microsoft SQL Server\130\DTS\Binn\;C:\Program Files\Microsoft SQL Server\130\DTS\Binn\;C:\Program Files\Microsoft SQL Server\Client SDK\ODBC\130\Tools\Binn\;C:\Program Files (x86)\Microsoft SQL Server\Client SDK\ODBC\130\Tools\Binn\;C:\Program Files (x86)\Microsoft SQL Server\130\Tools\Binn\ManagementStudio\;C:\Program Files (x86)\Skype\Phone\;C:\Users\tinen\AppData\Local\Microsoft\WindowsApps
USERNAME=Shibby
OS=Windows_NT
PROCESSOR_IDENTIFIER=Intel64 Family 6 Model 60 Stepping 3, GenuineIntel



---------------  S Y S T E M  ---------------

OS: Windows 10.0 , 64 bit Build 14393 (10.0.14393.1198)

CPU:total 4 (2 cores per cpu, 2 threads per core) family 6 model 60 stepping 3, cmov, cx8, fxsr, mmx, sse, sse2, sse3, ssse3, sse4.1, sse4.2, popcnt, avx, avx2, aes, clmul, erms, lzcnt, ht, tsc, tscinvbit, bmi1, bmi2

Memory: 4k page, physical 8266860k(1252640k free), swap 12237192k(5836k free)

vm_info: Java HotSpot(TM) 64-Bit Server VM (25.74-b02) for windows-amd64 JRE (1.8.0_74-b02), built on Jan 29 2016 17:42:36 by "java_re" with MS VC++ 10.0 (VS2010)

time: Sat May 13 12:38:43 2017
elapsed time: 1 seconds (0d 0h 0m 1s)

